{"/Users/niccolocalandri/code/ultraWrap/packages/turbowrap-issue-widget/src/widget.ts": {"path":"/Users/niccolocalandri/code/ultraWrap/packages/turbowrap-issue-widget/src/widget.ts","statementMap":{"0":{"start":{"line":49,"column":26},"end":{"line":49,"column":29}},"1":{"start":{"line":50,"column":30},"end":{"line":50,"column":32}},"2":{"start":{"line":60,"column":31},"end":{"line":60,"column":33}},"3":{"start":{"line":61,"column":54},"end":{"line":61,"column":63}},"4":{"start":{"line":62,"column":52},"end":{"line":62,"column":56}},"5":{"start":{"line":65,"column":4},"end":{"line":71,"column":6}},"6":{"start":{"line":73,"column":4},"end":{"line":73,"column":50}},"7":{"start":{"line":75,"column":4},"end":{"line":100,"column":6}},"8":{"start":{"line":102,"column":4},"end":{"line":102,"column":51}},"9":{"start":{"line":103,"column":4},"end":{"line":103,"column":44}},"10":{"start":{"line":104,"column":4},"end":{"line":104,"column":66}},"11":{"start":{"line":106,"column":4},"end":{"line":106,"column":24}},"12":{"start":{"line":107,"column":4},"end":{"line":107,"column":18}},"13":{"start":{"line":108,"column":4},"end":{"line":108,"column":46}},"14":{"start":{"line":112,"column":18},"end":{"line":112,"column":49}},"15":{"start":{"line":113,"column":4},"end":{"line":113,"column":38}},"16":{"start":{"line":114,"column":4},"end":{"line":114,"column":35}},"17":{"start":{"line":117,"column":4},"end":{"line":123,"column":5}},"18":{"start":{"line":118,"column":6},"end":{"line":118,"column":45}},"19":{"start":{"line":119,"column":11},"end":{"line":123,"column":5}},"20":{"start":{"line":120,"column":6},"end":{"line":122,"column":7}},"21":{"start":{"line":121,"column":8},"end":{"line":121,"column":47}},"22":{"start":{"line":126,"column":4},"end":{"line":131,"column":5}},"23":{"start":{"line":127,"column":6},"end":{"line":130,"column":8}},"24":{"start":{"line":135,"column":20},"end":{"line":135,"column":49}},"25":{"start":{"line":136,"column":4},"end":{"line":136,"column":39}},"26":{"start":{"line":137,"column":4},"end":{"line":137,"column":37}},"27":{"start":{"line":138,"column":4},"end":{"line":138,"column":32}},"28":{"start":{"line":141,"column":4},"end":{"line":141,"column":42}},"29":{"start":{"line":142,"column":4},"end":{"line":144,"column":5}},"30":{"start":{"line":143,"column":6},"end":{"line":143,"column":82}},"31":{"start":{"line":148,"column":4},"end":{"line":148,"column":46}},"32":{"start":{"line":149,"column":4},"end":{"line":151,"column":5}},"33":{"start":{"line":150,"column":6},"end":{"line":150,"column":42}},"34":{"start":{"line":155,"column":21},"end":{"line":155,"column":59}},"35":{"start":{"line":156,"column":35},"end":{"line":156,"column":45}},"36":{"start":{"line":158,"column":4},"end":{"line":206,"column":6}},"37":{"start":{"line":210,"column":50},"end":{"line":214,"column":5}},"38":{"start":{"line":216,"column":25},"end":{"line":216,"column":74}},"39":{"start":{"line":216,"column":48},"end":{"line":216,"column":73}},"40":{"start":{"line":218,"column":4},"end":{"line":234,"column":16}},"41":{"start":{"line":220,"column":24},"end":{"line":220,"column":33}},"42":{"start":{"line":221,"column":8},"end":{"line":225,"column":9}},"43":{"start":{"line":222,"column":10},"end":{"line":222,"column":36}},"44":{"start":{"line":223,"column":15},"end":{"line":225,"column":9}},"45":{"start":{"line":224,"column":10},"end":{"line":224,"column":33}},"46":{"start":{"line":227,"column":8},"end":{"line":232,"column":10}},"47":{"start":{"line":238,"column":4},"end":{"line":249,"column":5}},"48":{"start":{"line":240,"column":8},"end":{"line":240,"column":40}},"49":{"start":{"line":242,"column":8},"end":{"line":242,"column":42}},"50":{"start":{"line":244,"column":8},"end":{"line":244,"column":41}},"51":{"start":{"line":246,"column":8},"end":{"line":246,"column":40}},"52":{"start":{"line":248,"column":8},"end":{"line":248,"column":18}},"53":{"start":{"line":253,"column":26},"end":{"line":253,"column":66}},"54":{"start":{"line":254,"column":23},"end":{"line":254,"column":58}},"55":{"start":{"line":255,"column":26},"end":{"line":255,"column":36}},"56":{"start":{"line":257,"column":4},"end":{"line":322,"column":6}},"57":{"start":{"line":326,"column":15},"end":{"line":326,"column":41}},"58":{"start":{"line":327,"column":4},"end":{"line":327,"column":23}},"59":{"start":{"line":327,"column":13},"end":{"line":327,"column":23}},"60":{"start":{"line":329,"column":4},"end":{"line":355,"column":6}},"61":{"start":{"line":359,"column":4},"end":{"line":371,"column":16}},"62":{"start":{"line":361,"column":15},"end":{"line":369,"column":7}},"63":{"start":{"line":375,"column":4},"end":{"line":387,"column":6}},"64":{"start":{"line":378,"column":19},"end":{"line":383,"column":7}},"65":{"start":{"line":391,"column":18},"end":{"line":391,"column":41}},"66":{"start":{"line":392,"column":4},"end":{"line":392,"column":26}},"67":{"start":{"line":392,"column":16},"end":{"line":392,"column":26}},"68":{"start":{"line":394,"column":4},"end":{"line":401,"column":6}},"69":{"start":{"line":405,"column":93},"end":{"line":405,"column":103}},"70":{"start":{"line":407,"column":25},"end":{"line":421,"column":19}},"71":{"start":{"line":415,"column":24},"end":{"line":420,"column":11}},"72":{"start":{"line":424,"column":26},"end":{"line":431,"column":10}},"73":{"start":{"line":434,"column":24},"end":{"line":442,"column":10}},"74":{"start":{"line":444,"column":4},"end":{"line":468,"column":6}},"75":{"start":{"line":472,"column":27},"end":{"line":472,"column":83}},"76":{"start":{"line":474,"column":4},"end":{"line":500,"column":5}},"77":{"start":{"line":476,"column":8},"end":{"line":482,"column":10}},"78":{"start":{"line":484,"column":8},"end":{"line":490,"column":10}},"79":{"start":{"line":492,"column":8},"end":{"line":492,"column":40}},"80":{"start":{"line":494,"column":8},"end":{"line":497,"column":10}},"81":{"start":{"line":499,"column":8},"end":{"line":499,"column":18}},"82":{"start":{"line":504,"column":18},"end":{"line":504,"column":56}},"83":{"start":{"line":505,"column":4},"end":{"line":505,"column":23}},"84":{"start":{"line":505,"column":16},"end":{"line":505,"column":23}},"85":{"start":{"line":507,"column":30},"end":{"line":509,"column":5}},"86":{"start":{"line":511,"column":25},"end":{"line":511,"column":60}},"87":{"start":{"line":512,"column":24},"end":{"line":512,"column":86}},"88":{"start":{"line":515,"column":4},"end":{"line":517,"column":5}},"89":{"start":{"line":516,"column":6},"end":{"line":516,"column":49}},"90":{"start":{"line":516,"column":23},"end":{"line":516,"column":43}},"91":{"start":{"line":520,"column":22},"end":{"line":545,"column":5}},"92":{"start":{"line":521,"column":23},"end":{"line":521,"column":41}},"93":{"start":{"line":522,"column":6},"end":{"line":522,"column":37}},"94":{"start":{"line":522,"column":30},"end":{"line":522,"column":37}},"95":{"start":{"line":524,"column":6},"end":{"line":538,"column":7}},"96":{"start":{"line":525,"column":8},"end":{"line":537,"column":9}},"97":{"start":{"line":527,"column":10},"end":{"line":530,"column":11}},"98":{"start":{"line":528,"column":12},"end":{"line":528,"column":38}},"99":{"start":{"line":529,"column":12},"end":{"line":529,"column":33}},"100":{"start":{"line":533,"column":10},"end":{"line":536,"column":11}},"101":{"start":{"line":534,"column":12},"end":{"line":534,"column":38}},"102":{"start":{"line":535,"column":12},"end":{"line":535,"column":34}},"103":{"start":{"line":541,"column":6},"end":{"line":544,"column":7}},"104":{"start":{"line":542,"column":8},"end":{"line":542,"column":34}},"105":{"start":{"line":543,"column":8},"end":{"line":543,"column":21}},"106":{"start":{"line":547,"column":4},"end":{"line":547,"column":55}},"107":{"start":{"line":552,"column":4},"end":{"line":552,"column":32}},"108":{"start":{"line":554,"column":20},"end":{"line":554,"column":60}},"109":{"start":{"line":555,"column":20},"end":{"line":555,"column":60}},"110":{"start":{"line":556,"column":21},"end":{"line":556,"column":59}},"111":{"start":{"line":558,"column":24},"end":{"line":558,"column":41}},"112":{"start":{"line":558,"column":30},"end":{"line":558,"column":41}},"113":{"start":{"line":559,"column":25},"end":{"line":559,"column":43}},"114":{"start":{"line":559,"column":31},"end":{"line":559,"column":43}},"115":{"start":{"line":560,"column":32},"end":{"line":560,"column":50}},"116":{"start":{"line":560,"column":38},"end":{"line":560,"column":50}},"117":{"start":{"line":562,"column":4},"end":{"line":562,"column":52}},"118":{"start":{"line":563,"column":4},"end":{"line":563,"column":60}},"119":{"start":{"line":564,"column":4},"end":{"line":564,"column":54}},"120":{"start":{"line":567,"column":4},"end":{"line":567,"column":57}},"121":{"start":{"line":568,"column":4},"end":{"line":568,"column":65}},"122":{"start":{"line":569,"column":4},"end":{"line":569,"column":56}},"123":{"start":{"line":571,"column":4},"end":{"line":610,"column":7}},"124":{"start":{"line":572,"column":21},"end":{"line":572,"column":44}},"125":{"start":{"line":574,"column":6},"end":{"line":591,"column":7}},"126":{"start":{"line":575,"column":8},"end":{"line":575,"column":26}},"127":{"start":{"line":576,"column":13},"end":{"line":591,"column":7}},"128":{"start":{"line":577,"column":8},"end":{"line":577,"column":26}},"129":{"start":{"line":578,"column":13},"end":{"line":591,"column":7}},"130":{"start":{"line":579,"column":8},"end":{"line":579,"column":21}},"131":{"start":{"line":580,"column":8},"end":{"line":580,"column":21}},"132":{"start":{"line":581,"column":13},"end":{"line":591,"column":7}},"133":{"start":{"line":582,"column":8},"end":{"line":582,"column":39}},"134":{"start":{"line":583,"column":13},"end":{"line":591,"column":7}},"135":{"start":{"line":584,"column":8},"end":{"line":584,"column":33}},"136":{"start":{"line":585,"column":13},"end":{"line":591,"column":7}},"137":{"start":{"line":586,"column":8},"end":{"line":586,"column":33}},"138":{"start":{"line":587,"column":13},"end":{"line":591,"column":7}},"139":{"start":{"line":588,"column":8},"end":{"line":588,"column":38}},"140":{"start":{"line":589,"column":13},"end":{"line":591,"column":7}},"141":{"start":{"line":590,"column":8},"end":{"line":590,"column":35}},"142":{"start":{"line":594,"column":22},"end":{"line":594,"column":67}},"143":{"start":{"line":595,"column":6},"end":{"line":598,"column":7}},"144":{"start":{"line":596,"column":8},"end":{"line":596,"column":65}},"145":{"start":{"line":597,"column":8},"end":{"line":597,"column":22}},"146":{"start":{"line":601,"column":22},"end":{"line":601,"column":67}},"147":{"start":{"line":602,"column":6},"end":{"line":604,"column":7}},"148":{"start":{"line":603,"column":8},"end":{"line":603,"column":66}},"149":{"start":{"line":607,"column":6},"end":{"line":609,"column":7}},"150":{"start":{"line":608,"column":8},"end":{"line":608,"column":30}},"151":{"start":{"line":612,"column":4},"end":{"line":617,"column":7}},"152":{"start":{"line":613,"column":21},"end":{"line":613,"column":49}},"153":{"start":{"line":614,"column":6},"end":{"line":616,"column":7}},"154":{"start":{"line":615,"column":8},"end":{"line":615,"column":47}},"155":{"start":{"line":619,"column":4},"end":{"line":637,"column":7}},"156":{"start":{"line":620,"column":21},"end":{"line":620,"column":71}},"157":{"start":{"line":622,"column":6},"end":{"line":636,"column":7}},"158":{"start":{"line":623,"column":8},"end":{"line":623,"column":40}},"159":{"start":{"line":624,"column":13},"end":{"line":636,"column":7}},"160":{"start":{"line":625,"column":8},"end":{"line":625,"column":46}},"161":{"start":{"line":626,"column":13},"end":{"line":636,"column":7}},"162":{"start":{"line":627,"column":20},"end":{"line":627,"column":59}},"163":{"start":{"line":628,"column":8},"end":{"line":628,"column":47}},"164":{"start":{"line":629,"column":13},"end":{"line":636,"column":7}},"165":{"start":{"line":630,"column":8},"end":{"line":630,"column":44}},"166":{"start":{"line":632,"column":24},"end":{"line":632,"column":87}},"167":{"start":{"line":633,"column":8},"end":{"line":635,"column":9}},"168":{"start":{"line":634,"column":10},"end":{"line":634,"column":80}},"169":{"start":{"line":640,"column":4},"end":{"line":649,"column":7}},"170":{"start":{"line":641,"column":21},"end":{"line":641,"column":52}},"171":{"start":{"line":642,"column":23},"end":{"line":642,"column":41}},"172":{"start":{"line":643,"column":6},"end":{"line":648,"column":7}},"173":{"start":{"line":644,"column":8},"end":{"line":644,"column":27}},"174":{"start":{"line":645,"column":8},"end":{"line":647,"column":9}},"175":{"start":{"line":646,"column":10},"end":{"line":646,"column":32}},"176":{"start":{"line":653,"column":20},"end":{"line":653,"column":60}},"177":{"start":{"line":654,"column":20},"end":{"line":654,"column":60}},"178":{"start":{"line":655,"column":21},"end":{"line":655,"column":59}},"179":{"start":{"line":657,"column":24},"end":{"line":657,"column":63}},"180":{"start":{"line":658,"column":32},"end":{"line":658,"column":71}},"181":{"start":{"line":659,"column":25},"end":{"line":659,"column":62}},"182":{"start":{"line":661,"column":4},"end":{"line":663,"column":5}},"183":{"start":{"line":662,"column":6},"end":{"line":662,"column":56}},"184":{"start":{"line":664,"column":4},"end":{"line":666,"column":5}},"185":{"start":{"line":665,"column":6},"end":{"line":665,"column":64}},"186":{"start":{"line":667,"column":4},"end":{"line":669,"column":5}},"187":{"start":{"line":668,"column":6},"end":{"line":668,"column":58}},"188":{"start":{"line":671,"column":4},"end":{"line":671,"column":31}},"189":{"start":{"line":675,"column":4},"end":{"line":675,"column":29}},"190":{"start":{"line":676,"column":4},"end":{"line":676,"column":18}},"191":{"start":{"line":678,"column":4},"end":{"line":678,"column":47}},"192":{"start":{"line":678,"column":21},"end":{"line":678,"column":41}},"193":{"start":{"line":679,"column":4},"end":{"line":679,"column":27}},"194":{"start":{"line":683,"column":4},"end":{"line":683,"column":30}},"195":{"start":{"line":684,"column":4},"end":{"line":684,"column":18}},"196":{"start":{"line":685,"column":4},"end":{"line":685,"column":28}},"197":{"start":{"line":690,"column":4},"end":{"line":694,"column":5}},"198":{"start":{"line":691,"column":6},"end":{"line":693,"column":9}},"199":{"start":{"line":692,"column":8},"end":{"line":692,"column":73}},"200":{"start":{"line":696,"column":4},"end":{"line":721,"column":6}},"201":{"start":{"line":725,"column":18},"end":{"line":725,"column":56}},"202":{"start":{"line":726,"column":20},"end":{"line":726,"column":60}},"203":{"start":{"line":728,"column":4},"end":{"line":734,"column":5}},"204":{"start":{"line":729,"column":6},"end":{"line":729,"column":35}},"205":{"start":{"line":730,"column":6},"end":{"line":730,"column":37}},"206":{"start":{"line":732,"column":6},"end":{"line":732,"column":38}},"207":{"start":{"line":733,"column":6},"end":{"line":733,"column":40}},"208":{"start":{"line":737,"column":4},"end":{"line":778,"column":5}},"209":{"start":{"line":738,"column":29},"end":{"line":738,"column":39}},"210":{"start":{"line":740,"column":6},"end":{"line":774,"column":8}},"211":{"start":{"line":777,"column":6},"end":{"line":777,"column":34}},"212":{"start":{"line":782,"column":4},"end":{"line":782,"column":44}},"213":{"start":{"line":783,"column":4},"end":{"line":783,"column":18}},"214":{"start":{"line":785,"column":4},"end":{"line":831,"column":5}},"215":{"start":{"line":787,"column":6},"end":{"line":787,"column":44}},"216":{"start":{"line":789,"column":19},"end":{"line":789,"column":68}},"217":{"start":{"line":790,"column":25},"end":{"line":790,"column":50}},"218":{"start":{"line":791,"column":6},"end":{"line":793,"column":7}},"219":{"start":{"line":792,"column":8},"end":{"line":792,"column":70}},"220":{"start":{"line":796,"column":6},"end":{"line":798,"column":7}},"221":{"start":{"line":797,"column":8},"end":{"line":797,"column":79}},"222":{"start":{"line":800,"column":22},"end":{"line":800,"column":53}},"223":{"start":{"line":803,"column":6},"end":{"line":809,"column":9}},"224":{"start":{"line":804,"column":8},"end":{"line":808,"column":9}},"225":{"start":{"line":805,"column":10},"end":{"line":805,"column":35}},"226":{"start":{"line":807,"column":10},"end":{"line":807,"column":61}},"227":{"start":{"line":810,"column":6},"end":{"line":810,"column":25}},"228":{"start":{"line":812,"column":6},"end":{"line":812,"column":44}},"229":{"start":{"line":813,"column":6},"end":{"line":813,"column":48}},"230":{"start":{"line":814,"column":6},"end":{"line":814,"column":34}},"231":{"start":{"line":815,"column":6},"end":{"line":815,"column":30}},"232":{"start":{"line":817,"column":23},"end":{"line":817,"column":94}},"233":{"start":{"line":818,"column":6},"end":{"line":818,"column":34}},"234":{"start":{"line":820,"column":6},"end":{"line":820,"column":34}},"235":{"start":{"line":821,"column":6},"end":{"line":821,"column":41}},"236":{"start":{"line":824,"column":6},"end":{"line":824,"column":47}},"237":{"start":{"line":825,"column":6},"end":{"line":829,"column":7}},"238":{"start":{"line":826,"column":8},"end":{"line":826,"column":42}},"239":{"start":{"line":828,"column":8},"end":{"line":828,"column":63}},"240":{"start":{"line":830,"column":6},"end":{"line":830,"column":20}},"241":{"start":{"line":835,"column":22},"end":{"line":835,"column":85}},"242":{"start":{"line":836,"column":4},"end":{"line":836,"column":23}},"243":{"start":{"line":840,"column":4},"end":{"line":876,"column":5}},"244":{"start":{"line":842,"column":6},"end":{"line":846,"column":7}},"245":{"start":{"line":843,"column":8},"end":{"line":843,"column":57}},"246":{"start":{"line":844,"column":8},"end":{"line":844,"column":22}},"247":{"start":{"line":845,"column":8},"end":{"line":845,"column":15}},"248":{"start":{"line":848,"column":6},"end":{"line":852,"column":7}},"249":{"start":{"line":849,"column":8},"end":{"line":849,"column":57}},"250":{"start":{"line":850,"column":8},"end":{"line":850,"column":22}},"251":{"start":{"line":851,"column":8},"end":{"line":851,"column":15}},"252":{"start":{"line":854,"column":25},"end":{"line":854,"column":50}},"253":{"start":{"line":855,"column":22},"end":{"line":855,"column":53}},"254":{"start":{"line":858,"column":6},"end":{"line":864,"column":9}},"255":{"start":{"line":859,"column":8},"end":{"line":863,"column":9}},"256":{"start":{"line":860,"column":10},"end":{"line":860,"column":35}},"257":{"start":{"line":862,"column":10},"end":{"line":862,"column":61}},"258":{"start":{"line":865,"column":6},"end":{"line":865,"column":25}},"259":{"start":{"line":867,"column":6},"end":{"line":867,"column":44}},"260":{"start":{"line":868,"column":6},"end":{"line":868,"column":48}},"261":{"start":{"line":869,"column":6},"end":{"line":869,"column":34}},"262":{"start":{"line":870,"column":6},"end":{"line":870,"column":30}},"263":{"start":{"line":871,"column":6},"end":{"line":871,"column":20}},"264":{"start":{"line":873,"column":23},"end":{"line":873,"column":88}},"265":{"start":{"line":874,"column":6},"end":{"line":874,"column":34}},"266":{"start":{"line":875,"column":6},"end":{"line":875,"column":20}},"267":{"start":{"line":881,"column":4},"end":{"line":881,"column":17}},"268":{"start":{"line":882,"column":4},"end":{"line":895,"column":5}},"269":{"start":{"line":883,"column":26},"end":{"line":883,"column":52}},"270":{"start":{"line":884,"column":6},"end":{"line":887,"column":7}},"271":{"start":{"line":885,"column":8},"end":{"line":885,"column":49}},"272":{"start":{"line":886,"column":8},"end":{"line":886,"column":32}},"273":{"start":{"line":889,"column":23},"end":{"line":889,"column":88}},"274":{"start":{"line":890,"column":6},"end":{"line":890,"column":34}},"275":{"start":{"line":894,"column":6},"end":{"line":894,"column":18}},"276":{"start":{"line":899,"column":4},"end":{"line":917,"column":5}},"277":{"start":{"line":901,"column":6},"end":{"line":907,"column":9}},"278":{"start":{"line":902,"column":8},"end":{"line":906,"column":9}},"279":{"start":{"line":903,"column":10},"end":{"line":903,"column":35}},"280":{"start":{"line":905,"column":10},"end":{"line":905,"column":61}},"281":{"start":{"line":908,"column":6},"end":{"line":908,"column":25}},"282":{"start":{"line":910,"column":6},"end":{"line":910,"column":34}},"283":{"start":{"line":911,"column":6},"end":{"line":911,"column":41}},"284":{"start":{"line":912,"column":6},"end":{"line":912,"column":30}},"285":{"start":{"line":913,"column":6},"end":{"line":913,"column":20}},"286":{"start":{"line":915,"column":6},"end":{"line":915,"column":55}},"287":{"start":{"line":916,"column":6},"end":{"line":916,"column":20}},"288":{"start":{"line":921,"column":4},"end":{"line":921,"column":38}},"289":{"start":{"line":922,"column":4},"end":{"line":922,"column":18}},"290":{"start":{"line":927,"column":4},"end":{"line":931,"column":5}},"291":{"start":{"line":928,"column":6},"end":{"line":928,"column":45}},"292":{"start":{"line":929,"column":6},"end":{"line":929,"column":20}},"293":{"start":{"line":930,"column":6},"end":{"line":930,"column":19}},"294":{"start":{"line":933,"column":4},"end":{"line":937,"column":5}},"295":{"start":{"line":934,"column":6},"end":{"line":934,"column":66}},"296":{"start":{"line":935,"column":6},"end":{"line":935,"column":20}},"297":{"start":{"line":936,"column":6},"end":{"line":936,"column":19}},"298":{"start":{"line":940,"column":4},"end":{"line":944,"column":5}},"299":{"start":{"line":941,"column":6},"end":{"line":941,"column":73}},"300":{"start":{"line":942,"column":6},"end":{"line":942,"column":20}},"301":{"start":{"line":943,"column":6},"end":{"line":943,"column":19}},"302":{"start":{"line":947,"column":4},"end":{"line":947,"column":28}},"303":{"start":{"line":948,"column":4},"end":{"line":948,"column":16}},"304":{"start":{"line":953,"column":4},"end":{"line":959,"column":5}},"305":{"start":{"line":954,"column":6},"end":{"line":958,"column":7}},"306":{"start":{"line":955,"column":8},"end":{"line":955,"column":65}},"307":{"start":{"line":956,"column":8},"end":{"line":956,"column":22}},"308":{"start":{"line":957,"column":8},"end":{"line":957,"column":21}},"309":{"start":{"line":961,"column":4},"end":{"line":961,"column":28}},"310":{"start":{"line":962,"column":4},"end":{"line":962,"column":16}},"311":{"start":{"line":966,"column":4},"end":{"line":968,"column":5}},"312":{"start":{"line":967,"column":6},"end":{"line":967,"column":13}},"313":{"start":{"line":970,"column":4},"end":{"line":978,"column":5}},"314":{"start":{"line":971,"column":6},"end":{"line":973,"column":7}},"315":{"start":{"line":972,"column":8},"end":{"line":972,"column":34}},"316":{"start":{"line":974,"column":11},"end":{"line":978,"column":5}},"317":{"start":{"line":975,"column":6},"end":{"line":977,"column":7}},"318":{"start":{"line":976,"column":8},"end":{"line":976,"column":33}},"319":{"start":{"line":982,"column":4},"end":{"line":985,"column":5}},"320":{"start":{"line":983,"column":6},"end":{"line":983,"column":34}},"321":{"start":{"line":984,"column":6},"end":{"line":984,"column":20}},"322":{"start":{"line":989,"column":4},"end":{"line":989,"column":41}},"323":{"start":{"line":989,"column":34},"end":{"line":989,"column":41}},"324":{"start":{"line":991,"column":4},"end":{"line":991,"column":27}},"325":{"start":{"line":994,"column":4},"end":{"line":1002,"column":5}},"326":{"start":{"line":995,"column":6},"end":{"line":995,"column":35}},"327":{"start":{"line":996,"column":6},"end":{"line":996,"column":32}},"328":{"start":{"line":997,"column":6},"end":{"line":997,"column":41}},"329":{"start":{"line":998,"column":6},"end":{"line":998,"column":43}},"330":{"start":{"line":999,"column":6},"end":{"line":999,"column":38}},"331":{"start":{"line":1000,"column":6},"end":{"line":1000,"column":37}},"332":{"start":{"line":1001,"column":6},"end":{"line":1001,"column":30}},"333":{"start":{"line":1004,"column":4},"end":{"line":1004,"column":18}},"334":{"start":{"line":1008,"column":20},"end":{"line":1008,"column":47}},"335":{"start":{"line":1011,"column":4},"end":{"line":1015,"column":5}},"336":{"start":{"line":1012,"column":6},"end":{"line":1012,"column":51}},"337":{"start":{"line":1013,"column":6},"end":{"line":1013,"column":20}},"338":{"start":{"line":1014,"column":6},"end":{"line":1014,"column":13}},"339":{"start":{"line":1017,"column":4},"end":{"line":1021,"column":5}},"340":{"start":{"line":1018,"column":6},"end":{"line":1018,"column":69}},"341":{"start":{"line":1019,"column":6},"end":{"line":1019,"column":20}},"342":{"start":{"line":1020,"column":6},"end":{"line":1020,"column":13}},"343":{"start":{"line":1023,"column":4},"end":{"line":1023,"column":43}},"344":{"start":{"line":1023,"column":36},"end":{"line":1023,"column":43}},"345":{"start":{"line":1026,"column":37},"end":{"line":1031,"column":5}},"346":{"start":{"line":1032,"column":4},"end":{"line":1032,"column":37}},"347":{"start":{"line":1033,"column":4},"end":{"line":1033,"column":30}},"348":{"start":{"line":1034,"column":4},"end":{"line":1034,"column":38}},"349":{"start":{"line":1035,"column":4},"end":{"line":1035,"column":41}},"350":{"start":{"line":1036,"column":4},"end":{"line":1036,"column":28}},"351":{"start":{"line":1037,"column":4},"end":{"line":1037,"column":18}},"352":{"start":{"line":1038,"column":4},"end":{"line":1038,"column":30}},"353":{"start":{"line":1040,"column":4},"end":{"line":1101,"column":5}},"354":{"start":{"line":1042,"column":6},"end":{"line":1050,"column":7}},"355":{"start":{"line":1043,"column":37},"end":{"line":1047,"column":9}},"356":{"start":{"line":1048,"column":24},"end":{"line":1048,"column":68}},"357":{"start":{"line":1049,"column":8},"end":{"line":1049,"column":54}},"358":{"start":{"line":1053,"column":6},"end":{"line":1096,"column":8}},"359":{"start":{"line":1063,"column":10},"end":{"line":1063,"column":53}},"360":{"start":{"line":1064,"column":10},"end":{"line":1064,"column":35}},"361":{"start":{"line":1065,"column":10},"end":{"line":1065,"column":36}},"362":{"start":{"line":1069,"column":10},"end":{"line":1071,"column":11}},"363":{"start":{"line":1070,"column":12},"end":{"line":1070,"column":52}},"364":{"start":{"line":1076,"column":10},"end":{"line":1084,"column":11}},"365":{"start":{"line":1077,"column":50},"end":{"line":1082,"column":13}},"366":{"start":{"line":1083,"column":12},"end":{"line":1083,"column":50}},"367":{"start":{"line":1085,"column":10},"end":{"line":1085,"column":45}},"368":{"start":{"line":1086,"column":10},"end":{"line":1086,"column":47}},"369":{"start":{"line":1087,"column":10},"end":{"line":1087,"column":24}},"370":{"start":{"line":1091,"column":10},"end":{"line":1091,"column":35}},"371":{"start":{"line":1092,"column":10},"end":{"line":1092,"column":45}},"372":{"start":{"line":1093,"column":10},"end":{"line":1093,"column":47}},"373":{"start":{"line":1094,"column":10},"end":{"line":1094,"column":24}},"374":{"start":{"line":1098,"column":6},"end":{"line":1098,"column":82}},"375":{"start":{"line":1099,"column":6},"end":{"line":1099,"column":41}},"376":{"start":{"line":1100,"column":6},"end":{"line":1100,"column":20}},"377":{"start":{"line":1106,"column":4},"end":{"line":1141,"column":5}},"378":{"start":{"line":1107,"column":6},"end":{"line":1138,"column":8}},"379":{"start":{"line":1121,"column":10},"end":{"line":1121,"column":43}},"380":{"start":{"line":1122,"column":10},"end":{"line":1122,"column":24}},"381":{"start":{"line":1123,"column":10},"end":{"line":1123,"column":36}},"382":{"start":{"line":1124,"column":10},"end":{"line":1124,"column":47}},"383":{"start":{"line":1128,"column":44},"end":{"line":1133,"column":11}},"384":{"start":{"line":1134,"column":10},"end":{"line":1134,"column":44}},"385":{"start":{"line":1136,"column":10},"end":{"line":1136,"column":24}},"386":{"start":{"line":1140,"column":6},"end":{"line":1140,"column":62}},"387":{"start":{"line":1145,"column":20},"end":{"line":1145,"column":60}},"388":{"start":{"line":1146,"column":4},"end":{"line":1150,"column":5}},"389":{"start":{"line":1147,"column":6},"end":{"line":1147,"column":48}},"390":{"start":{"line":1149,"column":6},"end":{"line":1149,"column":34}},"391":{"start":{"line":1154,"column":23},"end":{"line":1154,"column":69}},"392":{"start":{"line":1155,"column":4},"end":{"line":1157,"column":5}},"393":{"start":{"line":1156,"column":6},"end":{"line":1156,"column":53}},"394":{"start":{"line":1161,"column":4},"end":{"line":1165,"column":5}},"395":{"start":{"line":1162,"column":6},"end":{"line":1162,"column":48}},"396":{"start":{"line":1163,"column":6},"end":{"line":1163,"column":20}},"397":{"start":{"line":1164,"column":6},"end":{"line":1164,"column":13}},"398":{"start":{"line":1167,"column":4},"end":{"line":1167,"column":32}},"399":{"start":{"line":1168,"column":4},"end":{"line":1168,"column":28}},"400":{"start":{"line":1169,"column":4},"end":{"line":1169,"column":18}},"401":{"start":{"line":1171,"column":4},"end":{"line":1207,"column":5}},"402":{"start":{"line":1174,"column":6},"end":{"line":1202,"column":8}},"403":{"start":{"line":1184,"column":10},"end":{"line":1184,"column":39}},"404":{"start":{"line":1185,"column":10},"end":{"line":1185,"column":24}},"405":{"start":{"line":1188,"column":10},"end":{"line":1188,"column":50}},"406":{"start":{"line":1189,"column":10},"end":{"line":1189,"column":60}},"407":{"start":{"line":1190,"column":10},"end":{"line":1190,"column":58}},"408":{"start":{"line":1191,"column":10},"end":{"line":1191,"column":40}},"409":{"start":{"line":1192,"column":10},"end":{"line":1192,"column":39}},"410":{"start":{"line":1193,"column":10},"end":{"line":1193,"column":43}},"411":{"start":{"line":1194,"column":10},"end":{"line":1194,"column":24}},"412":{"start":{"line":1197,"column":10},"end":{"line":1197,"column":35}},"413":{"start":{"line":1198,"column":10},"end":{"line":1198,"column":39}},"414":{"start":{"line":1199,"column":10},"end":{"line":1199,"column":24}},"415":{"start":{"line":1200,"column":10},"end":{"line":1200,"column":50}},"416":{"start":{"line":1204,"column":6},"end":{"line":1204,"column":82}},"417":{"start":{"line":1205,"column":6},"end":{"line":1205,"column":35}},"418":{"start":{"line":1206,"column":6},"end":{"line":1206,"column":20}},"419":{"start":{"line":1211,"column":4},"end":{"line":1211,"column":33}},"420":{"start":{"line":1212,"column":4},"end":{"line":1212,"column":32}},"421":{"start":{"line":1213,"column":4},"end":{"line":1213,"column":37}},"422":{"start":{"line":1214,"column":4},"end":{"line":1214,"column":18}},"423":{"start":{"line":1216,"column":4},"end":{"line":1253,"column":5}},"424":{"start":{"line":1217,"column":6},"end":{"line":1247,"column":8}},"425":{"start":{"line":1230,"column":10},"end":{"line":1230,"column":39}},"426":{"start":{"line":1231,"column":10},"end":{"line":1231,"column":24}},"427":{"start":{"line":1234,"column":10},"end":{"line":1234,"column":43}},"428":{"start":{"line":1235,"column":10},"end":{"line":1235,"column":38}},"429":{"start":{"line":1236,"column":10},"end":{"line":1236,"column":39}},"430":{"start":{"line":1237,"column":10},"end":{"line":1237,"column":24}},"431":{"start":{"line":1238,"column":10},"end":{"line":1238,"column":47}},"432":{"start":{"line":1241,"column":10},"end":{"line":1241,"column":35}},"433":{"start":{"line":1242,"column":10},"end":{"line":1242,"column":40}},"434":{"start":{"line":1243,"column":10},"end":{"line":1243,"column":39}},"435":{"start":{"line":1244,"column":10},"end":{"line":1244,"column":24}},"436":{"start":{"line":1245,"column":10},"end":{"line":1245,"column":50}},"437":{"start":{"line":1249,"column":6},"end":{"line":1249,"column":82}},"438":{"start":{"line":1250,"column":6},"end":{"line":1250,"column":36}},"439":{"start":{"line":1251,"column":6},"end":{"line":1251,"column":35}},"440":{"start":{"line":1252,"column":6},"end":{"line":1252,"column":20}},"441":{"start":{"line":1257,"column":16},"end":{"line":1257,"column":45}},"442":{"start":{"line":1258,"column":4},"end":{"line":1258,"column":27}},"443":{"start":{"line":1259,"column":4},"end":{"line":1259,"column":25}},"444":{"start":{"line":1264,"column":4},"end":{"line":1266,"column":5}},"445":{"start":{"line":1265,"column":6},"end":{"line":1265,"column":33}},"446":{"start":{"line":1267,"column":4},"end":{"line":1267,"column":74}},"447":{"start":{"line":1272,"column":4},"end":{"line":1275,"column":5}},"448":{"start":{"line":1273,"column":6},"end":{"line":1273,"column":35}},"449":{"start":{"line":1274,"column":6},"end":{"line":1274,"column":34}},"450":{"start":{"line":1278,"column":22},"end":{"line":1278,"column":46}},"451":{"start":{"line":1279,"column":4},"end":{"line":1285,"column":5}},"452":{"start":{"line":1280,"column":6},"end":{"line":1284,"column":7}},"453":{"start":{"line":1281,"column":8},"end":{"line":1281,"column":55}},"454":{"start":{"line":1283,"column":8},"end":{"line":1283,"column":70}},"455":{"start":{"line":1288,"column":4},"end":{"line":1294,"column":7}},"456":{"start":{"line":1289,"column":6},"end":{"line":1293,"column":9}},"457":{"start":{"line":1290,"column":10},"end":{"line":1290,"column":35}},"458":{"start":{"line":1292,"column":10},"end":{"line":1292,"column":61}},"459":{"start":{"line":1295,"column":4},"end":{"line":1295,"column":23}},"460":{"start":{"line":1298,"column":4},"end":{"line":1298,"column":32}},"461":{"start":{"line":1301,"column":4},"end":{"line":1325,"column":6}},"462":{"start":{"line":1328,"column":4},"end":{"line":1332,"column":5}},"463":{"start":{"line":1329,"column":6},"end":{"line":1329,"column":30}},"464":{"start":{"line":1331,"column":6},"end":{"line":1331,"column":55}},"465":{"start":{"line":1335,"column":4},"end":{"line":1335,"column":28}}},"fnMap":{"0":{"name":"(anonymous_0)","decl":{"start":{"line":64,"column":2},"end":{"line":64,"column":3}},"loc":{"start":{"line":64,"column":36},"end":{"line":109,"column":3}},"line":64},"1":{"name":"(anonymous_1)","decl":{"start":{"line":111,"column":2},"end":{"line":111,"column":3}},"loc":{"start":{"line":111,"column":31},"end":{"line":132,"column":3}},"line":111},"2":{"name":"(anonymous_2)","decl":{"start":{"line":134,"column":2},"end":{"line":134,"column":3}},"loc":{"start":{"line":134,"column":25},"end":{"line":139,"column":3}},"line":134},"3":{"name":"(anonymous_3)","decl":{"start":{"line":140,"column":2},"end":{"line":140,"column":3}},"loc":{"start":{"line":140,"column":53},"end":{"line":145,"column":3}},"line":140},"4":{"name":"(anonymous_4)","decl":{"start":{"line":147,"column":2},"end":{"line":147,"column":3}},"loc":{"start":{"line":147,"column":52},"end":{"line":152,"column":3}},"line":147},"5":{"name":"(anonymous_5)","decl":{"start":{"line":154,"column":2},"end":{"line":154,"column":3}},"loc":{"start":{"line":154,"column":28},"end":{"line":207,"column":3}},"line":154},"6":{"name":"(anonymous_6)","decl":{"start":{"line":209,"column":2},"end":{"line":209,"column":3}},"loc":{"start":{"line":209,"column":38},"end":{"line":235,"column":3}},"line":209},"7":{"name":"(anonymous_7)","decl":{"start":{"line":216,"column":41},"end":{"line":216,"column":42}},"loc":{"start":{"line":216,"column":48},"end":{"line":216,"column":73}},"line":216},"8":{"name":"(anonymous_8)","decl":{"start":{"line":219,"column":11},"end":{"line":219,"column":12}},"loc":{"start":{"line":219,"column":28},"end":{"line":233,"column":7}},"line":219},"9":{"name":"(anonymous_9)","decl":{"start":{"line":237,"column":2},"end":{"line":237,"column":3}},"loc":{"start":{"line":237,"column":41},"end":{"line":250,"column":3}},"line":237},"10":{"name":"(anonymous_10)","decl":{"start":{"line":252,"column":2},"end":{"line":252,"column":3}},"loc":{"start":{"line":252,"column":38},"end":{"line":323,"column":3}},"line":252},"11":{"name":"(anonymous_11)","decl":{"start":{"line":325,"column":2},"end":{"line":325,"column":3}},"loc":{"start":{"line":325,"column":38},"end":{"line":356,"column":3}},"line":325},"12":{"name":"(anonymous_12)","decl":{"start":{"line":358,"column":2},"end":{"line":358,"column":3}},"loc":{"start":{"line":358,"column":40},"end":{"line":372,"column":3}},"line":358},"13":{"name":"(anonymous_13)","decl":{"start":{"line":361,"column":8},"end":{"line":361,"column":9}},"loc":{"start":{"line":361,"column":15},"end":{"line":369,"column":7}},"line":361},"14":{"name":"(anonymous_14)","decl":{"start":{"line":374,"column":2},"end":{"line":374,"column":3}},"loc":{"start":{"line":374,"column":39},"end":{"line":388,"column":3}},"line":374},"15":{"name":"(anonymous_15)","decl":{"start":{"line":378,"column":10},"end":{"line":378,"column":11}},"loc":{"start":{"line":378,"column":19},"end":{"line":383,"column":7}},"line":378},"16":{"name":"(anonymous_16)","decl":{"start":{"line":390,"column":2},"end":{"line":390,"column":3}},"loc":{"start":{"line":390,"column":38},"end":{"line":402,"column":3}},"line":390},"17":{"name":"(anonymous_17)","decl":{"start":{"line":404,"column":2},"end":{"line":404,"column":3}},"loc":{"start":{"line":404,"column":35},"end":{"line":469,"column":3}},"line":404},"18":{"name":"(anonymous_18)","decl":{"start":{"line":415,"column":15},"end":{"line":415,"column":16}},"loc":{"start":{"line":415,"column":24},"end":{"line":420,"column":11}},"line":415},"19":{"name":"(anonymous_19)","decl":{"start":{"line":471,"column":2},"end":{"line":471,"column":3}},"loc":{"start":{"line":471,"column":43},"end":{"line":501,"column":3}},"line":471},"20":{"name":"(anonymous_20)","decl":{"start":{"line":503,"column":2},"end":{"line":503,"column":3}},"loc":{"start":{"line":503,"column":32},"end":{"line":548,"column":3}},"line":503},"21":{"name":"(anonymous_21)","decl":{"start":{"line":516,"column":17},"end":{"line":516,"column":18}},"loc":{"start":{"line":516,"column":23},"end":{"line":516,"column":43}},"line":516},"22":{"name":"(anonymous_22)","decl":{"start":{"line":520,"column":22},"end":{"line":520,"column":23}},"loc":{"start":{"line":520,"column":36},"end":{"line":545,"column":5}},"line":520},"23":{"name":"(anonymous_23)","decl":{"start":{"line":550,"column":2},"end":{"line":550,"column":3}},"loc":{"start":{"line":550,"column":39},"end":{"line":650,"column":3}},"line":550},"24":{"name":"(anonymous_24)","decl":{"start":{"line":558,"column":24},"end":{"line":558,"column":25}},"loc":{"start":{"line":558,"column":30},"end":{"line":558,"column":41}},"line":558},"25":{"name":"(anonymous_25)","decl":{"start":{"line":559,"column":25},"end":{"line":559,"column":26}},"loc":{"start":{"line":559,"column":31},"end":{"line":559,"column":43}},"line":559},"26":{"name":"(anonymous_26)","decl":{"start":{"line":560,"column":32},"end":{"line":560,"column":33}},"loc":{"start":{"line":560,"column":38},"end":{"line":560,"column":50}},"line":560},"27":{"name":"(anonymous_27)","decl":{"start":{"line":571,"column":42},"end":{"line":571,"column":43}},"loc":{"start":{"line":571,"column":49},"end":{"line":610,"column":5}},"line":571},"28":{"name":"(anonymous_28)","decl":{"start":{"line":612,"column":43},"end":{"line":612,"column":44}},"loc":{"start":{"line":612,"column":50},"end":{"line":617,"column":5}},"line":612},"29":{"name":"(anonymous_29)","decl":{"start":{"line":619,"column":42},"end":{"line":619,"column":43}},"loc":{"start":{"line":619,"column":49},"end":{"line":637,"column":5}},"line":619},"30":{"name":"(anonymous_30)","decl":{"start":{"line":640,"column":44},"end":{"line":640,"column":45}},"loc":{"start":{"line":640,"column":51},"end":{"line":649,"column":5}},"line":640},"31":{"name":"(anonymous_31)","decl":{"start":{"line":652,"column":2},"end":{"line":652,"column":3}},"loc":{"start":{"line":652,"column":39},"end":{"line":672,"column":3}},"line":652},"32":{"name":"(anonymous_32)","decl":{"start":{"line":674,"column":2},"end":{"line":674,"column":3}},"loc":{"start":{"line":674,"column":23},"end":{"line":680,"column":3}},"line":674},"33":{"name":"(anonymous_33)","decl":{"start":{"line":678,"column":15},"end":{"line":678,"column":16}},"loc":{"start":{"line":678,"column":21},"end":{"line":678,"column":41}},"line":678},"34":{"name":"(anonymous_34)","decl":{"start":{"line":682,"column":2},"end":{"line":682,"column":3}},"loc":{"start":{"line":682,"column":24},"end":{"line":686,"column":3}},"line":682},"35":{"name":"(anonymous_35)","decl":{"start":{"line":688,"column":2},"end":{"line":688,"column":3}},"loc":{"start":{"line":688,"column":24},"end":{"line":722,"column":3}},"line":688},"36":{"name":"(anonymous_36)","decl":{"start":{"line":691,"column":68},"end":{"line":691,"column":69}},"loc":{"start":{"line":691,"column":79},"end":{"line":693,"column":7}},"line":691},"37":{"name":"(anonymous_37)","decl":{"start":{"line":724,"column":2},"end":{"line":724,"column":3}},"loc":{"start":{"line":724,"column":25},"end":{"line":779,"column":3}},"line":724},"38":{"name":"(anonymous_38)","decl":{"start":{"line":781,"column":2},"end":{"line":781,"column":3}},"loc":{"start":{"line":781,"column":57},"end":{"line":832,"column":3}},"line":781},"39":{"name":"(anonymous_39)","decl":{"start":{"line":803,"column":28},"end":{"line":803,"column":29}},"loc":{"start":{"line":803,"column":35},"end":{"line":809,"column":7}},"line":803},"40":{"name":"(anonymous_40)","decl":{"start":{"line":834,"column":2},"end":{"line":834,"column":3}},"loc":{"start":{"line":834,"column":36},"end":{"line":837,"column":3}},"line":834},"41":{"name":"(anonymous_41)","decl":{"start":{"line":839,"column":2},"end":{"line":839,"column":3}},"loc":{"start":{"line":839,"column":60},"end":{"line":877,"column":3}},"line":839},"42":{"name":"(anonymous_42)","decl":{"start":{"line":858,"column":28},"end":{"line":858,"column":29}},"loc":{"start":{"line":858,"column":35},"end":{"line":864,"column":7}},"line":858},"43":{"name":"(anonymous_43)","decl":{"start":{"line":879,"column":2},"end":{"line":879,"column":3}},"loc":{"start":{"line":879,"column":51},"end":{"line":896,"column":3}},"line":879},"44":{"name":"(anonymous_44)","decl":{"start":{"line":898,"column":2},"end":{"line":898,"column":3}},"loc":{"start":{"line":898,"column":41},"end":{"line":918,"column":3}},"line":898},"45":{"name":"(anonymous_45)","decl":{"start":{"line":901,"column":28},"end":{"line":901,"column":29}},"loc":{"start":{"line":901,"column":35},"end":{"line":907,"column":7}},"line":901},"46":{"name":"(anonymous_46)","decl":{"start":{"line":920,"column":2},"end":{"line":920,"column":3}},"loc":{"start":{"line":920,"column":38},"end":{"line":923,"column":3}},"line":920},"47":{"name":"(anonymous_47)","decl":{"start":{"line":925,"column":2},"end":{"line":925,"column":3}},"loc":{"start":{"line":925,"column":41},"end":{"line":949,"column":3}},"line":925},"48":{"name":"(anonymous_48)","decl":{"start":{"line":951,"column":2},"end":{"line":951,"column":3}},"loc":{"start":{"line":951,"column":43},"end":{"line":963,"column":3}},"line":951},"49":{"name":"(anonymous_49)","decl":{"start":{"line":965,"column":2},"end":{"line":965,"column":3}},"loc":{"start":{"line":965,"column":44},"end":{"line":979,"column":3}},"line":965},"50":{"name":"(anonymous_50)","decl":{"start":{"line":981,"column":2},"end":{"line":981,"column":3}},"loc":{"start":{"line":981,"column":29},"end":{"line":986,"column":3}},"line":981},"51":{"name":"(anonymous_51)","decl":{"start":{"line":988,"column":2},"end":{"line":988,"column":3}},"loc":{"start":{"line":988,"column":51},"end":{"line":1005,"column":3}},"line":988},"52":{"name":"(anonymous_52)","decl":{"start":{"line":1007,"column":2},"end":{"line":1007,"column":3}},"loc":{"start":{"line":1007,"column":48},"end":{"line":1102,"column":3}},"line":1007},"53":{"name":"(anonymous_53)","decl":{"start":{"line":1062,"column":8},"end":{"line":1062,"column":9}},"loc":{"start":{"line":1062,"column":29},"end":{"line":1066,"column":9}},"line":1062},"54":{"name":"(anonymous_54)","decl":{"start":{"line":1068,"column":8},"end":{"line":1068,"column":9}},"loc":{"start":{"line":1068,"column":36},"end":{"line":1072,"column":9}},"line":1068},"55":{"name":"(anonymous_55)","decl":{"start":{"line":1074,"column":8},"end":{"line":1074,"column":9}},"loc":{"start":{"line":1074,"column":14},"end":{"line":1088,"column":9}},"line":1074},"56":{"name":"(anonymous_56)","decl":{"start":{"line":1090,"column":8},"end":{"line":1090,"column":9}},"loc":{"start":{"line":1090,"column":27},"end":{"line":1095,"column":9}},"line":1090},"57":{"name":"(anonymous_57)","decl":{"start":{"line":1104,"column":2},"end":{"line":1104,"column":3}},"loc":{"start":{"line":1104,"column":113},"end":{"line":1142,"column":3}},"line":1104},"58":{"name":"(anonymous_58)","decl":{"start":{"line":1119,"column":8},"end":{"line":1119,"column":9}},"loc":{"start":{"line":1119,"column":14},"end":{"line":1119,"column":16}},"line":1119},"59":{"name":"(anonymous_59)","decl":{"start":{"line":1120,"column":8},"end":{"line":1120,"column":9}},"loc":{"start":{"line":1120,"column":40},"end":{"line":1125,"column":9}},"line":1120},"60":{"name":"(anonymous_60)","decl":{"start":{"line":1126,"column":8},"end":{"line":1126,"column":9}},"loc":{"start":{"line":1126,"column":27},"end":{"line":1137,"column":9}},"line":1126},"61":{"name":"(anonymous_61)","decl":{"start":{"line":1144,"column":2},"end":{"line":1144,"column":3}},"loc":{"start":{"line":1144,"column":36},"end":{"line":1151,"column":3}},"line":1144},"62":{"name":"(anonymous_62)","decl":{"start":{"line":1153,"column":2},"end":{"line":1153,"column":3}},"loc":{"start":{"line":1153,"column":37},"end":{"line":1158,"column":3}},"line":1153},"63":{"name":"(anonymous_63)","decl":{"start":{"line":1160,"column":2},"end":{"line":1160,"column":3}},"loc":{"start":{"line":1160,"column":46},"end":{"line":1208,"column":3}},"line":1160},"64":{"name":"(anonymous_64)","decl":{"start":{"line":1183,"column":8},"end":{"line":1183,"column":9}},"loc":{"start":{"line":1183,"column":17},"end":{"line":1186,"column":9}},"line":1183},"65":{"name":"(anonymous_65)","decl":{"start":{"line":1187,"column":8},"end":{"line":1187,"column":9}},"loc":{"start":{"line":1187,"column":35},"end":{"line":1195,"column":9}},"line":1187},"66":{"name":"(anonymous_66)","decl":{"start":{"line":1196,"column":8},"end":{"line":1196,"column":9}},"loc":{"start":{"line":1196,"column":19},"end":{"line":1201,"column":9}},"line":1196},"67":{"name":"(anonymous_67)","decl":{"start":{"line":1210,"column":2},"end":{"line":1210,"column":3}},"loc":{"start":{"line":1210,"column":45},"end":{"line":1254,"column":3}},"line":1210},"68":{"name":"(anonymous_68)","decl":{"start":{"line":1229,"column":8},"end":{"line":1229,"column":9}},"loc":{"start":{"line":1229,"column":17},"end":{"line":1232,"column":9}},"line":1229},"69":{"name":"(anonymous_69)","decl":{"start":{"line":1233,"column":8},"end":{"line":1233,"column":9}},"loc":{"start":{"line":1233,"column":40},"end":{"line":1239,"column":9}},"line":1233},"70":{"name":"(anonymous_70)","decl":{"start":{"line":1240,"column":8},"end":{"line":1240,"column":9}},"loc":{"start":{"line":1240,"column":19},"end":{"line":1246,"column":9}},"line":1240},"71":{"name":"(anonymous_71)","decl":{"start":{"line":1256,"column":2},"end":{"line":1256,"column":3}},"loc":{"start":{"line":1256,"column":43},"end":{"line":1260,"column":3}},"line":1256},"72":{"name":"(anonymous_72)","decl":{"start":{"line":1262,"column":2},"end":{"line":1262,"column":3}},"loc":{"start":{"line":1262,"column":31},"end":{"line":1268,"column":3}},"line":1262},"73":{"name":"(anonymous_73)","decl":{"start":{"line":1270,"column":2},"end":{"line":1270,"column":3}},"loc":{"start":{"line":1270,"column":40},"end":{"line":1336,"column":3}},"line":1270},"74":{"name":"(anonymous_74)","decl":{"start":{"line":1288,"column":26},"end":{"line":1288,"column":27}},"loc":{"start":{"line":1288,"column":33},"end":{"line":1294,"column":5}},"line":1288}},"branchMap":{"0":{"loc":{"start":{"line":117,"column":4},"end":{"line":123,"column":5}},"type":"if","locations":[{"start":{"line":117,"column":4},"end":{"line":123,"column":5}},{"start":{"line":119,"column":11},"end":{"line":123,"column":5}}],"line":117},"1":{"loc":{"start":{"line":119,"column":11},"end":{"line":123,"column":5}},"type":"if","locations":[{"start":{"line":119,"column":11},"end":{"line":123,"column":5}},{"start":{},"end":{}}],"line":119},"2":{"loc":{"start":{"line":120,"column":6},"end":{"line":122,"column":7}},"type":"if","locations":[{"start":{"line":120,"column":6},"end":{"line":122,"column":7}},{"start":{},"end":{}}],"line":120},"3":{"loc":{"start":{"line":126,"column":4},"end":{"line":131,"column":5}},"type":"if","locations":[{"start":{"line":126,"column":4},"end":{"line":131,"column":5}},{"start":{},"end":{}}],"line":126},"4":{"loc":{"start":{"line":142,"column":4},"end":{"line":144,"column":5}},"type":"if","locations":[{"start":{"line":142,"column":4},"end":{"line":144,"column":5}},{"start":{},"end":{}}],"line":142},"5":{"loc":{"start":{"line":149,"column":4},"end":{"line":151,"column":5}},"type":"if","locations":[{"start":{"line":149,"column":4},"end":{"line":151,"column":5}},{"start":{},"end":{}}],"line":149},"6":{"loc":{"start":{"line":155,"column":21},"end":{"line":155,"column":59}},"type":"binary-expr","locations":[{"start":{"line":155,"column":21},"end":{"line":155,"column":41}},{"start":{"line":155,"column":45},"end":{"line":155,"column":59}}],"line":155},"7":{"loc":{"start":{"line":164,"column":37},"end":{"line":164,"column":57}},"type":"cond-expr","locations":[{"start":{"line":164,"column":46},"end":{"line":164,"column":52}},{"start":{"line":164,"column":55},"end":{"line":164,"column":57}}],"line":164},"8":{"loc":{"start":{"line":166,"column":41},"end":{"line":166,"column":61}},"type":"cond-expr","locations":[{"start":{"line":166,"column":50},"end":{"line":166,"column":56}},{"start":{"line":166,"column":59},"end":{"line":166,"column":61}}],"line":166},"9":{"loc":{"start":{"line":169,"column":36},"end":{"line":169,"column":80}},"type":"cond-expr","locations":[{"start":{"line":169,"column":54},"end":{"line":169,"column":60}},{"start":{"line":169,"column":63},"end":{"line":169,"column":80}}],"line":169},"10":{"loc":{"start":{"line":175,"column":39},"end":{"line":175,"column":70}},"type":"cond-expr","locations":[{"start":{"line":175,"column":57},"end":{"line":175,"column":65}},{"start":{"line":175,"column":68},"end":{"line":175,"column":70}}],"line":175},"11":{"loc":{"start":{"line":180,"column":39},"end":{"line":180,"column":70}},"type":"cond-expr","locations":[{"start":{"line":180,"column":57},"end":{"line":180,"column":65}},{"start":{"line":180,"column":68},"end":{"line":180,"column":70}}],"line":180},"12":{"loc":{"start":{"line":187,"column":10},"end":{"line":204,"column":9}},"type":"cond-expr","locations":[{"start":{"line":187,"column":28},"end":{"line":199,"column":9}},{"start":{"line":199,"column":12},"end":{"line":204,"column":9}}],"line":187},"13":{"loc":{"start":{"line":221,"column":8},"end":{"line":225,"column":9}},"type":"if","locations":[{"start":{"line":221,"column":8},"end":{"line":225,"column":9}},{"start":{"line":223,"column":15},"end":{"line":225,"column":9}}],"line":221},"14":{"loc":{"start":{"line":221,"column":12},"end":{"line":221,"column":65}},"type":"binary-expr","locations":[{"start":{"line":221,"column":12},"end":{"line":221,"column":32}},{"start":{"line":221,"column":36},"end":{"line":221,"column":65}}],"line":221},"15":{"loc":{"start":{"line":223,"column":15},"end":{"line":225,"column":9}},"type":"if","locations":[{"start":{"line":223,"column":15},"end":{"line":225,"column":9}},{"start":{},"end":{}}],"line":223},"16":{"loc":{"start":{"line":229,"column":39},"end":{"line":229,"column":110}},"type":"cond-expr","locations":[{"start":{"line":229,"column":95},"end":{"line":229,"column":98}},{"start":{"line":229,"column":101},"end":{"line":229,"column":110}}],"line":229},"17":{"loc":{"start":{"line":229,"column":39},"end":{"line":229,"column":92}},"type":"binary-expr","locations":[{"start":{"line":229,"column":39},"end":{"line":229,"column":59}},{"start":{"line":229,"column":63},"end":{"line":229,"column":92}}],"line":229},"18":{"loc":{"start":{"line":238,"column":4},"end":{"line":249,"column":5}},"type":"switch","locations":[{"start":{"line":239,"column":6},"end":{"line":240,"column":40}},{"start":{"line":241,"column":6},"end":{"line":242,"column":42}},{"start":{"line":243,"column":6},"end":{"line":244,"column":41}},{"start":{"line":245,"column":6},"end":{"line":246,"column":40}},{"start":{"line":247,"column":6},"end":{"line":248,"column":18}}],"line":238},"19":{"loc":{"start":{"line":261,"column":53},"end":{"line":261,"column":88}},"type":"cond-expr","locations":[{"start":{"line":261,"column":75},"end":{"line":261,"column":83}},{"start":{"line":261,"column":86},"end":{"line":261,"column":88}}],"line":261},"20":{"loc":{"start":{"line":265,"column":53},"end":{"line":265,"column":95}},"type":"cond-expr","locations":[{"start":{"line":265,"column":82},"end":{"line":265,"column":90}},{"start":{"line":265,"column":93},"end":{"line":265,"column":95}}],"line":265},"21":{"loc":{"start":{"line":269,"column":53},"end":{"line":269,"column":93}},"type":"cond-expr","locations":[{"start":{"line":269,"column":80},"end":{"line":269,"column":88}},{"start":{"line":269,"column":91},"end":{"line":269,"column":93}}],"line":269},"22":{"loc":{"start":{"line":293,"column":42},"end":{"line":293,"column":71}},"type":"cond-expr","locations":[{"start":{"line":293,"column":58},"end":{"line":293,"column":66}},{"start":{"line":293,"column":69},"end":{"line":293,"column":71}}],"line":293},"23":{"loc":{"start":{"line":301,"column":42},"end":{"line":301,"column":68}},"type":"cond-expr","locations":[{"start":{"line":301,"column":55},"end":{"line":301,"column":63}},{"start":{"line":301,"column":66},"end":{"line":301,"column":68}}],"line":301},"24":{"loc":{"start":{"line":310,"column":12},"end":{"line":315,"column":16}},"type":"cond-expr","locations":[{"start":{"line":310,"column":28},"end":{"line":315,"column":11}},{"start":{"line":315,"column":14},"end":{"line":315,"column":16}}],"line":310},"25":{"loc":{"start":{"line":317,"column":12},"end":{"line":317,"column":54}},"type":"cond-expr","locations":[{"start":{"line":317,"column":25},"end":{"line":317,"column":49}},{"start":{"line":317,"column":52},"end":{"line":317,"column":54}}],"line":317},"26":{"loc":{"start":{"line":321,"column":8},"end":{"line":321,"column":81}},"type":"cond-expr","locations":[{"start":{"line":321,"column":27},"end":{"line":321,"column":76}},{"start":{"line":321,"column":79},"end":{"line":321,"column":81}}],"line":321},"27":{"loc":{"start":{"line":327,"column":4},"end":{"line":327,"column":23}},"type":"if","locations":[{"start":{"line":327,"column":4},"end":{"line":327,"column":23}},{"start":{},"end":{}}],"line":327},"28":{"loc":{"start":{"line":344,"column":47},"end":{"line":344,"column":67}},"type":"cond-expr","locations":[{"start":{"line":344,"column":55},"end":{"line":344,"column":57}},{"start":{"line":344,"column":60},"end":{"line":344,"column":67}}],"line":344},"29":{"loc":{"start":{"line":344,"column":72},"end":{"line":344,"column":90}},"type":"binary-expr","locations":[{"start":{"line":344,"column":72},"end":{"line":344,"column":77}},{"start":{"line":344,"column":81},"end":{"line":344,"column":90}}],"line":344},"30":{"loc":{"start":{"line":348,"column":47},"end":{"line":348,"column":79}},"type":"cond-expr","locations":[{"start":{"line":348,"column":67},"end":{"line":348,"column":69}},{"start":{"line":348,"column":72},"end":{"line":348,"column":79}}],"line":348},"31":{"loc":{"start":{"line":348,"column":84},"end":{"line":348,"column":136}},"type":"cond-expr","locations":[{"start":{"line":348,"column":104},"end":{"line":348,"column":124}},{"start":{"line":348,"column":127},"end":{"line":348,"column":136}}],"line":348},"32":{"loc":{"start":{"line":352,"column":47},"end":{"line":352,"column":75}},"type":"cond-expr","locations":[{"start":{"line":352,"column":63},"end":{"line":352,"column":65}},{"start":{"line":352,"column":68},"end":{"line":352,"column":75}}],"line":352},"33":{"loc":{"start":{"line":352,"column":80},"end":{"line":352,"column":106}},"type":"binary-expr","locations":[{"start":{"line":352,"column":80},"end":{"line":352,"column":93}},{"start":{"line":352,"column":97},"end":{"line":352,"column":106}}],"line":352},"34":{"loc":{"start":{"line":367,"column":67},"end":{"line":367,"column":97}},"type":"binary-expr","locations":[{"start":{"line":367,"column":67},"end":{"line":367,"column":91}},{"start":{"line":367,"column":95},"end":{"line":367,"column":97}}],"line":367},"35":{"loc":{"start":{"line":386,"column":8},"end":{"line":386,"column":81}},"type":"cond-expr","locations":[{"start":{"line":386,"column":27},"end":{"line":386,"column":76}},{"start":{"line":386,"column":79},"end":{"line":386,"column":81}}],"line":386},"36":{"loc":{"start":{"line":392,"column":4},"end":{"line":392,"column":26}},"type":"if","locations":[{"start":{"line":392,"column":4},"end":{"line":392,"column":26}},{"start":{},"end":{}}],"line":392},"37":{"loc":{"start":{"line":407,"column":25},"end":{"line":421,"column":19}},"type":"cond-expr","locations":[{"start":{"line":408,"column":8},"end":{"line":413,"column":7}},{"start":{"line":414,"column":8},"end":{"line":421,"column":19}}],"line":407},"38":{"loc":{"start":{"line":416,"column":62},"end":{"line":416,"column":104}},"type":"cond-expr","locations":[{"start":{"line":416,"column":80},"end":{"line":416,"column":99}},{"start":{"line":416,"column":102},"end":{"line":416,"column":104}}],"line":416},"39":{"loc":{"start":{"line":417,"column":44},"end":{"line":417,"column":77}},"type":"cond-expr","locations":[{"start":{"line":417,"column":66},"end":{"line":417,"column":70}},{"start":{"line":417,"column":73},"end":{"line":417,"column":77}}],"line":417},"40":{"loc":{"start":{"line":424,"column":26},"end":{"line":431,"column":10}},"type":"cond-expr","locations":[{"start":{"line":425,"column":8},"end":{"line":430,"column":7}},{"start":{"line":431,"column":8},"end":{"line":431,"column":10}}],"line":424},"41":{"loc":{"start":{"line":424,"column":26},"end":{"line":424,"column":65}},"type":"binary-expr","locations":[{"start":{"line":424,"column":26},"end":{"line":424,"column":41}},{"start":{"line":424,"column":45},"end":{"line":424,"column":65}}],"line":424},"42":{"loc":{"start":{"line":434,"column":24},"end":{"line":442,"column":10}},"type":"cond-expr","locations":[{"start":{"line":435,"column":8},"end":{"line":441,"column":7}},{"start":{"line":442,"column":8},"end":{"line":442,"column":10}}],"line":434},"43":{"loc":{"start":{"line":456,"column":12},"end":{"line":456,"column":45}},"type":"cond-expr","locations":[{"start":{"line":456,"column":30},"end":{"line":456,"column":40}},{"start":{"line":456,"column":43},"end":{"line":456,"column":45}}],"line":456},"44":{"loc":{"start":{"line":461,"column":12},"end":{"line":461,"column":66}},"type":"cond-expr","locations":[{"start":{"line":461,"column":51},"end":{"line":461,"column":61}},{"start":{"line":461,"column":64},"end":{"line":461,"column":66}}],"line":461},"45":{"loc":{"start":{"line":461,"column":12},"end":{"line":461,"column":48}},"type":"binary-expr","locations":[{"start":{"line":461,"column":12},"end":{"line":461,"column":27}},{"start":{"line":461,"column":31},"end":{"line":461,"column":48}}],"line":461},"46":{"loc":{"start":{"line":467,"column":8},"end":{"line":467,"column":81}},"type":"cond-expr","locations":[{"start":{"line":467,"column":27},"end":{"line":467,"column":76}},{"start":{"line":467,"column":79},"end":{"line":467,"column":81}}],"line":467},"47":{"loc":{"start":{"line":472,"column":27},"end":{"line":472,"column":83}},"type":"binary-expr","locations":[{"start":{"line":472,"column":27},"end":{"line":472,"column":47}},{"start":{"line":472,"column":51},"end":{"line":472,"column":83}}],"line":472},"48":{"loc":{"start":{"line":474,"column":4},"end":{"line":500,"column":5}},"type":"switch","locations":[{"start":{"line":475,"column":6},"end":{"line":482,"column":10}},{"start":{"line":483,"column":6},"end":{"line":490,"column":10}},{"start":{"line":491,"column":6},"end":{"line":492,"column":40}},{"start":{"line":493,"column":6},"end":{"line":497,"column":10}},{"start":{"line":498,"column":6},"end":{"line":499,"column":18}}],"line":474},"49":{"loc":{"start":{"line":478,"column":63},"end":{"line":478,"column":95}},"type":"cond-expr","locations":[{"start":{"line":478,"column":80},"end":{"line":478,"column":90}},{"start":{"line":478,"column":93},"end":{"line":478,"column":95}}],"line":478},"50":{"loc":{"start":{"line":479,"column":14},"end":{"line":479,"column":74}},"type":"cond-expr","locations":[{"start":{"line":479,"column":37},"end":{"line":479,"column":69}},{"start":{"line":479,"column":72},"end":{"line":479,"column":74}}],"line":479},"51":{"loc":{"start":{"line":486,"column":63},"end":{"line":486,"column":95}},"type":"cond-expr","locations":[{"start":{"line":486,"column":80},"end":{"line":486,"column":90}},{"start":{"line":486,"column":93},"end":{"line":486,"column":95}}],"line":486},"52":{"loc":{"start":{"line":487,"column":14},"end":{"line":487,"column":74}},"type":"cond-expr","locations":[{"start":{"line":487,"column":37},"end":{"line":487,"column":69}},{"start":{"line":487,"column":72},"end":{"line":487,"column":74}}],"line":487},"53":{"loc":{"start":{"line":505,"column":4},"end":{"line":505,"column":23}},"type":"if","locations":[{"start":{"line":505,"column":4},"end":{"line":505,"column":23}},{"start":{},"end":{}}],"line":505},"54":{"loc":{"start":{"line":515,"column":4},"end":{"line":517,"column":5}},"type":"if","locations":[{"start":{"line":515,"column":4},"end":{"line":517,"column":5}},{"start":{},"end":{}}],"line":515},"55":{"loc":{"start":{"line":515,"column":8},"end":{"line":515,"column":41}},"type":"binary-expr","locations":[{"start":{"line":515,"column":8},"end":{"line":515,"column":20}},{"start":{"line":515,"column":24},"end":{"line":515,"column":41}}],"line":515},"56":{"loc":{"start":{"line":522,"column":6},"end":{"line":522,"column":37}},"type":"if","locations":[{"start":{"line":522,"column":6},"end":{"line":522,"column":37}},{"start":{},"end":{}}],"line":522},"57":{"loc":{"start":{"line":524,"column":6},"end":{"line":538,"column":7}},"type":"if","locations":[{"start":{"line":524,"column":6},"end":{"line":538,"column":7}},{"start":{},"end":{}}],"line":524},"58":{"loc":{"start":{"line":525,"column":8},"end":{"line":537,"column":9}},"type":"if","locations":[{"start":{"line":525,"column":8},"end":{"line":537,"column":9}},{"start":{"line":531,"column":15},"end":{"line":537,"column":9}}],"line":525},"59":{"loc":{"start":{"line":527,"column":10},"end":{"line":530,"column":11}},"type":"if","locations":[{"start":{"line":527,"column":10},"end":{"line":530,"column":11}},{"start":{},"end":{}}],"line":527},"60":{"loc":{"start":{"line":533,"column":10},"end":{"line":536,"column":11}},"type":"if","locations":[{"start":{"line":533,"column":10},"end":{"line":536,"column":11}},{"start":{},"end":{}}],"line":533},"61":{"loc":{"start":{"line":541,"column":6},"end":{"line":544,"column":7}},"type":"if","locations":[{"start":{"line":541,"column":6},"end":{"line":544,"column":7}},{"start":{},"end":{}}],"line":541},"62":{"loc":{"start":{"line":541,"column":10},"end":{"line":541,"column":56}},"type":"binary-expr","locations":[{"start":{"line":541,"column":10},"end":{"line":541,"column":35}},{"start":{"line":541,"column":39},"end":{"line":541,"column":56}}],"line":541},"63":{"loc":{"start":{"line":574,"column":6},"end":{"line":591,"column":7}},"type":"if","locations":[{"start":{"line":574,"column":6},"end":{"line":591,"column":7}},{"start":{"line":576,"column":13},"end":{"line":591,"column":7}}],"line":574},"64":{"loc":{"start":{"line":574,"column":10},"end":{"line":574,"column":63}},"type":"binary-expr","locations":[{"start":{"line":574,"column":10},"end":{"line":574,"column":33}},{"start":{"line":574,"column":37},"end":{"line":574,"column":63}}],"line":574},"65":{"loc":{"start":{"line":576,"column":13},"end":{"line":591,"column":7}},"type":"if","locations":[{"start":{"line":576,"column":13},"end":{"line":591,"column":7}},{"start":{"line":578,"column":13},"end":{"line":591,"column":7}}],"line":576},"66":{"loc":{"start":{"line":576,"column":17},"end":{"line":576,"column":70}},"type":"binary-expr","locations":[{"start":{"line":576,"column":17},"end":{"line":576,"column":40}},{"start":{"line":576,"column":44},"end":{"line":576,"column":70}}],"line":576},"67":{"loc":{"start":{"line":578,"column":13},"end":{"line":591,"column":7}},"type":"if","locations":[{"start":{"line":578,"column":13},"end":{"line":591,"column":7}},{"start":{"line":581,"column":13},"end":{"line":591,"column":7}}],"line":578},"68":{"loc":{"start":{"line":578,"column":17},"end":{"line":578,"column":70}},"type":"binary-expr","locations":[{"start":{"line":578,"column":17},"end":{"line":578,"column":40}},{"start":{"line":578,"column":44},"end":{"line":578,"column":70}}],"line":578},"69":{"loc":{"start":{"line":581,"column":13},"end":{"line":591,"column":7}},"type":"if","locations":[{"start":{"line":581,"column":13},"end":{"line":591,"column":7}},{"start":{"line":583,"column":13},"end":{"line":591,"column":7}}],"line":581},"70":{"loc":{"start":{"line":581,"column":17},"end":{"line":581,"column":90}},"type":"binary-expr","locations":[{"start":{"line":581,"column":17},"end":{"line":581,"column":50}},{"start":{"line":581,"column":54},"end":{"line":581,"column":90}}],"line":581},"71":{"loc":{"start":{"line":583,"column":13},"end":{"line":591,"column":7}},"type":"if","locations":[{"start":{"line":583,"column":13},"end":{"line":591,"column":7}},{"start":{"line":585,"column":13},"end":{"line":591,"column":7}}],"line":583},"72":{"loc":{"start":{"line":583,"column":17},"end":{"line":583,"column":82}},"type":"binary-expr","locations":[{"start":{"line":583,"column":17},"end":{"line":583,"column":46}},{"start":{"line":583,"column":50},"end":{"line":583,"column":82}}],"line":583},"73":{"loc":{"start":{"line":585,"column":13},"end":{"line":591,"column":7}},"type":"if","locations":[{"start":{"line":585,"column":13},"end":{"line":591,"column":7}},{"start":{"line":587,"column":13},"end":{"line":591,"column":7}}],"line":585},"74":{"loc":{"start":{"line":585,"column":17},"end":{"line":585,"column":84}},"type":"binary-expr","locations":[{"start":{"line":585,"column":17},"end":{"line":585,"column":47}},{"start":{"line":585,"column":51},"end":{"line":585,"column":84}}],"line":585},"75":{"loc":{"start":{"line":587,"column":13},"end":{"line":591,"column":7}},"type":"if","locations":[{"start":{"line":587,"column":13},"end":{"line":591,"column":7}},{"start":{"line":589,"column":13},"end":{"line":591,"column":7}}],"line":587},"76":{"loc":{"start":{"line":589,"column":13},"end":{"line":591,"column":7}},"type":"if","locations":[{"start":{"line":589,"column":13},"end":{"line":591,"column":7}},{"start":{},"end":{}}],"line":589},"77":{"loc":{"start":{"line":595,"column":6},"end":{"line":598,"column":7}},"type":"if","locations":[{"start":{"line":595,"column":6},"end":{"line":598,"column":7}},{"start":{},"end":{}}],"line":595},"78":{"loc":{"start":{"line":595,"column":10},"end":{"line":595,"column":41}},"type":"binary-expr","locations":[{"start":{"line":595,"column":10},"end":{"line":595,"column":17}},{"start":{"line":595,"column":21},"end":{"line":595,"column":41}}],"line":595},"79":{"loc":{"start":{"line":602,"column":6},"end":{"line":604,"column":7}},"type":"if","locations":[{"start":{"line":602,"column":6},"end":{"line":604,"column":7}},{"start":{},"end":{}}],"line":602},"80":{"loc":{"start":{"line":602,"column":10},"end":{"line":602,"column":41}},"type":"binary-expr","locations":[{"start":{"line":602,"column":10},"end":{"line":602,"column":17}},{"start":{"line":602,"column":21},"end":{"line":602,"column":41}}],"line":602},"81":{"loc":{"start":{"line":607,"column":6},"end":{"line":609,"column":7}},"type":"if","locations":[{"start":{"line":607,"column":6},"end":{"line":609,"column":7}},{"start":{},"end":{}}],"line":607},"82":{"loc":{"start":{"line":607,"column":10},"end":{"line":607,"column":73}},"type":"binary-expr","locations":[{"start":{"line":607,"column":10},"end":{"line":607,"column":38}},{"start":{"line":607,"column":42},"end":{"line":607,"column":73}}],"line":607},"83":{"loc":{"start":{"line":614,"column":6},"end":{"line":616,"column":7}},"type":"if","locations":[{"start":{"line":614,"column":6},"end":{"line":616,"column":7}},{"start":{},"end":{}}],"line":614},"84":{"loc":{"start":{"line":614,"column":10},"end":{"line":614,"column":63}},"type":"binary-expr","locations":[{"start":{"line":614,"column":10},"end":{"line":614,"column":39}},{"start":{"line":614,"column":43},"end":{"line":614,"column":63}}],"line":614},"85":{"loc":{"start":{"line":622,"column":6},"end":{"line":636,"column":7}},"type":"if","locations":[{"start":{"line":622,"column":6},"end":{"line":636,"column":7}},{"start":{"line":624,"column":13},"end":{"line":636,"column":7}}],"line":622},"86":{"loc":{"start":{"line":624,"column":13},"end":{"line":636,"column":7}},"type":"if","locations":[{"start":{"line":624,"column":13},"end":{"line":636,"column":7}},{"start":{"line":626,"column":13},"end":{"line":636,"column":7}}],"line":624},"87":{"loc":{"start":{"line":626,"column":13},"end":{"line":636,"column":7}},"type":"if","locations":[{"start":{"line":626,"column":13},"end":{"line":636,"column":7}},{"start":{"line":629,"column":13},"end":{"line":636,"column":7}}],"line":626},"88":{"loc":{"start":{"line":629,"column":13},"end":{"line":636,"column":7}},"type":"if","locations":[{"start":{"line":629,"column":13},"end":{"line":636,"column":7}},{"start":{},"end":{}}],"line":629},"89":{"loc":{"start":{"line":633,"column":8},"end":{"line":635,"column":9}},"type":"if","locations":[{"start":{"line":633,"column":8},"end":{"line":635,"column":9}},{"start":{},"end":{}}],"line":633},"90":{"loc":{"start":{"line":634,"column":29},"end":{"line":634,"column":79}},"type":"binary-expr","locations":[{"start":{"line":634,"column":29},"end":{"line":634,"column":55}},{"start":{"line":634,"column":59},"end":{"line":634,"column":79}}],"line":634},"91":{"loc":{"start":{"line":643,"column":6},"end":{"line":648,"column":7}},"type":"if","locations":[{"start":{"line":643,"column":6},"end":{"line":648,"column":7}},{"start":{},"end":{}}],"line":643},"92":{"loc":{"start":{"line":643,"column":10},"end":{"line":643,"column":89}},"type":"binary-expr","locations":[{"start":{"line":643,"column":10},"end":{"line":643,"column":39}},{"start":{"line":643,"column":43},"end":{"line":643,"column":67}},{"start":{"line":643,"column":71},"end":{"line":643,"column":89}}],"line":643},"93":{"loc":{"start":{"line":645,"column":8},"end":{"line":647,"column":9}},"type":"if","locations":[{"start":{"line":645,"column":8},"end":{"line":647,"column":9}},{"start":{},"end":{}}],"line":645},"94":{"loc":{"start":{"line":645,"column":12},"end":{"line":645,"column":70}},"type":"binary-expr","locations":[{"start":{"line":645,"column":12},"end":{"line":645,"column":39}},{"start":{"line":645,"column":43},"end":{"line":645,"column":70}}],"line":645},"95":{"loc":{"start":{"line":661,"column":4},"end":{"line":663,"column":5}},"type":"if","locations":[{"start":{"line":661,"column":4},"end":{"line":663,"column":5}},{"start":{},"end":{}}],"line":661},"96":{"loc":{"start":{"line":661,"column":8},"end":{"line":661,"column":30}},"type":"binary-expr","locations":[{"start":{"line":661,"column":8},"end":{"line":661,"column":19}},{"start":{"line":661,"column":23},"end":{"line":661,"column":30}}],"line":661},"97":{"loc":{"start":{"line":664,"column":4},"end":{"line":666,"column":5}},"type":"if","locations":[{"start":{"line":664,"column":4},"end":{"line":666,"column":5}},{"start":{},"end":{}}],"line":664},"98":{"loc":{"start":{"line":664,"column":8},"end":{"line":664,"column":38}},"type":"binary-expr","locations":[{"start":{"line":664,"column":8},"end":{"line":664,"column":27}},{"start":{"line":664,"column":31},"end":{"line":664,"column":38}}],"line":664},"99":{"loc":{"start":{"line":667,"column":4},"end":{"line":669,"column":5}},"type":"if","locations":[{"start":{"line":667,"column":4},"end":{"line":669,"column":5}},{"start":{},"end":{}}],"line":667},"100":{"loc":{"start":{"line":667,"column":8},"end":{"line":667,"column":32}},"type":"binary-expr","locations":[{"start":{"line":667,"column":8},"end":{"line":667,"column":20}},{"start":{"line":667,"column":24},"end":{"line":667,"column":32}}],"line":667},"101":{"loc":{"start":{"line":690,"column":4},"end":{"line":694,"column":5}},"type":"if","locations":[{"start":{"line":690,"column":4},"end":{"line":694,"column":5}},{"start":{},"end":{}}],"line":690},"102":{"loc":{"start":{"line":728,"column":4},"end":{"line":734,"column":5}},"type":"if","locations":[{"start":{"line":728,"column":4},"end":{"line":734,"column":5}},{"start":{"line":731,"column":11},"end":{"line":734,"column":5}}],"line":728},"103":{"loc":{"start":{"line":737,"column":4},"end":{"line":778,"column":5}},"type":"if","locations":[{"start":{"line":737,"column":4},"end":{"line":778,"column":5}},{"start":{},"end":{}}],"line":737},"104":{"loc":{"start":{"line":742,"column":16},"end":{"line":742,"column":60}},"type":"cond-expr","locations":[{"start":{"line":742,"column":34},"end":{"line":742,"column":40}},{"start":{"line":742,"column":43},"end":{"line":742,"column":60}}],"line":742},"105":{"loc":{"start":{"line":747,"column":39},"end":{"line":747,"column":70}},"type":"cond-expr","locations":[{"start":{"line":747,"column":57},"end":{"line":747,"column":65}},{"start":{"line":747,"column":68},"end":{"line":747,"column":70}}],"line":747},"106":{"loc":{"start":{"line":751,"column":39},"end":{"line":751,"column":70}},"type":"cond-expr","locations":[{"start":{"line":751,"column":57},"end":{"line":751,"column":65}},{"start":{"line":751,"column":68},"end":{"line":751,"column":70}}],"line":751},"107":{"loc":{"start":{"line":757,"column":10},"end":{"line":773,"column":9}},"type":"cond-expr","locations":[{"start":{"line":757,"column":28},"end":{"line":769,"column":9}},{"start":{"line":769,"column":12},"end":{"line":773,"column":9}}],"line":757},"108":{"loc":{"start":{"line":791,"column":6},"end":{"line":793,"column":7}},"type":"if","locations":[{"start":{"line":791,"column":6},"end":{"line":793,"column":7}},{"start":{},"end":{}}],"line":791},"109":{"loc":{"start":{"line":791,"column":10},"end":{"line":791,"column":46}},"type":"binary-expr","locations":[{"start":{"line":791,"column":10},"end":{"line":791,"column":21}},{"start":{"line":791,"column":25},"end":{"line":791,"column":46}}],"line":791},"110":{"loc":{"start":{"line":796,"column":6},"end":{"line":798,"column":7}},"type":"if","locations":[{"start":{"line":796,"column":6},"end":{"line":798,"column":7}},{"start":{},"end":{}}],"line":796},"111":{"loc":{"start":{"line":817,"column":23},"end":{"line":817,"column":94}},"type":"cond-expr","locations":[{"start":{"line":817,"column":48},"end":{"line":817,"column":61}},{"start":{"line":817,"column":64},"end":{"line":817,"column":94}}],"line":817},"112":{"loc":{"start":{"line":842,"column":6},"end":{"line":846,"column":7}},"type":"if","locations":[{"start":{"line":842,"column":6},"end":{"line":846,"column":7}},{"start":{},"end":{}}],"line":842},"113":{"loc":{"start":{"line":848,"column":6},"end":{"line":852,"column":7}},"type":"if","locations":[{"start":{"line":848,"column":6},"end":{"line":852,"column":7}},{"start":{},"end":{}}],"line":848},"114":{"loc":{"start":{"line":873,"column":23},"end":{"line":873,"column":88}},"type":"cond-expr","locations":[{"start":{"line":873,"column":48},"end":{"line":873,"column":61}},{"start":{"line":873,"column":64},"end":{"line":873,"column":88}}],"line":873},"115":{"loc":{"start":{"line":884,"column":6},"end":{"line":887,"column":7}},"type":"if","locations":[{"start":{"line":884,"column":6},"end":{"line":887,"column":7}},{"start":{},"end":{}}],"line":884},"116":{"loc":{"start":{"line":889,"column":23},"end":{"line":889,"column":88}},"type":"cond-expr","locations":[{"start":{"line":889,"column":48},"end":{"line":889,"column":61}},{"start":{"line":889,"column":64},"end":{"line":889,"column":88}}],"line":889},"117":{"loc":{"start":{"line":927,"column":4},"end":{"line":931,"column":5}},"type":"if","locations":[{"start":{"line":927,"column":4},"end":{"line":931,"column":5}},{"start":{},"end":{}}],"line":927},"118":{"loc":{"start":{"line":933,"column":4},"end":{"line":937,"column":5}},"type":"if","locations":[{"start":{"line":933,"column":4},"end":{"line":937,"column":5}},{"start":{},"end":{}}],"line":933},"119":{"loc":{"start":{"line":940,"column":4},"end":{"line":944,"column":5}},"type":"if","locations":[{"start":{"line":940,"column":4},"end":{"line":944,"column":5}},{"start":{},"end":{}}],"line":940},"120":{"loc":{"start":{"line":954,"column":6},"end":{"line":958,"column":7}},"type":"if","locations":[{"start":{"line":954,"column":6},"end":{"line":958,"column":7}},{"start":{},"end":{}}],"line":954},"121":{"loc":{"start":{"line":966,"column":4},"end":{"line":968,"column":5}},"type":"if","locations":[{"start":{"line":966,"column":4},"end":{"line":968,"column":5}},{"start":{},"end":{}}],"line":966},"122":{"loc":{"start":{"line":970,"column":4},"end":{"line":978,"column":5}},"type":"if","locations":[{"start":{"line":970,"column":4},"end":{"line":978,"column":5}},{"start":{"line":974,"column":11},"end":{"line":978,"column":5}}],"line":970},"123":{"loc":{"start":{"line":971,"column":6},"end":{"line":973,"column":7}},"type":"if","locations":[{"start":{"line":971,"column":6},"end":{"line":973,"column":7}},{"start":{},"end":{}}],"line":971},"124":{"loc":{"start":{"line":974,"column":11},"end":{"line":978,"column":5}},"type":"if","locations":[{"start":{"line":974,"column":11},"end":{"line":978,"column":5}},{"start":{},"end":{}}],"line":974},"125":{"loc":{"start":{"line":975,"column":6},"end":{"line":977,"column":7}},"type":"if","locations":[{"start":{"line":975,"column":6},"end":{"line":977,"column":7}},{"start":{},"end":{}}],"line":975},"126":{"loc":{"start":{"line":982,"column":4},"end":{"line":985,"column":5}},"type":"if","locations":[{"start":{"line":982,"column":4},"end":{"line":985,"column":5}},{"start":{},"end":{}}],"line":982},"127":{"loc":{"start":{"line":989,"column":4},"end":{"line":989,"column":41}},"type":"if","locations":[{"start":{"line":989,"column":4},"end":{"line":989,"column":41}},{"start":{},"end":{}}],"line":989},"128":{"loc":{"start":{"line":994,"column":4},"end":{"line":1002,"column":5}},"type":"if","locations":[{"start":{"line":994,"column":4},"end":{"line":1002,"column":5}},{"start":{},"end":{}}],"line":994},"129":{"loc":{"start":{"line":1011,"column":4},"end":{"line":1015,"column":5}},"type":"if","locations":[{"start":{"line":1011,"column":4},"end":{"line":1015,"column":5}},{"start":{},"end":{}}],"line":1011},"130":{"loc":{"start":{"line":1017,"column":4},"end":{"line":1021,"column":5}},"type":"if","locations":[{"start":{"line":1017,"column":4},"end":{"line":1021,"column":5}},{"start":{},"end":{}}],"line":1017},"131":{"loc":{"start":{"line":1023,"column":4},"end":{"line":1023,"column":43}},"type":"if","locations":[{"start":{"line":1023,"column":4},"end":{"line":1023,"column":43}},{"start":{},"end":{}}],"line":1023},"132":{"loc":{"start":{"line":1042,"column":6},"end":{"line":1050,"column":7}},"type":"if","locations":[{"start":{"line":1042,"column":6},"end":{"line":1050,"column":7}},{"start":{},"end":{}}],"line":1042},"133":{"loc":{"start":{"line":1046,"column":27},"end":{"line":1046,"column":66}},"type":"binary-expr","locations":[{"start":{"line":1046,"column":27},"end":{"line":1046,"column":53}},{"start":{"line":1046,"column":57},"end":{"line":1046,"column":66}}],"line":1046},"134":{"loc":{"start":{"line":1059,"column":27},"end":{"line":1059,"column":66}},"type":"binary-expr","locations":[{"start":{"line":1059,"column":27},"end":{"line":1059,"column":53}},{"start":{"line":1059,"column":57},"end":{"line":1059,"column":66}}],"line":1059},"135":{"loc":{"start":{"line":1069,"column":10},"end":{"line":1071,"column":11}},"type":"if","locations":[{"start":{"line":1069,"column":10},"end":{"line":1071,"column":11}},{"start":{},"end":{}}],"line":1069},"136":{"loc":{"start":{"line":1076,"column":10},"end":{"line":1084,"column":11}},"type":"if","locations":[{"start":{"line":1076,"column":10},"end":{"line":1084,"column":11}},{"start":{},"end":{}}],"l
[...]
57":{"start":{"line":128,"column":6},"end":{"line":128,"column":26}},"58":{"start":{"line":130,"column":6},"end":{"line":134,"column":7}},"59":{"start":{"line":131,"column":21},"end":{"line":131,"column":55}},"60":{"start":{"line":132,"column":8},"end":{"line":132,"column":18}},"61":{"start":{"line":133,"column":8},"end":{"line":133,"column":22}},"62":{"start":{"line":137,"column":26},"end":{"line":142,"column":5}},"63":{"start":{"line":138,"column":6},"end":{"line":141,"column":7}},"64":{"start":{"line":139,"column":8},"end":{"line":139,"column":18}},"65":{"start":{"line":140,"column":8},"end":{"line":140,"column":22}},"66":{"start":{"line":144,"column":4},"end":{"line":144,"column":59}},"67":{"start":{"line":145,"column":4},"end":{"line":145,"column":51}},"68":{"start":{"line":146,"column":4},"end":{"line":146,"column":56}}},"fnMap":{"0":{"name":"generateSelector","decl":{"start":{"line":36,"column":9},"end":{"line":36,"column":25}},"loc":{"start":{"line":36,"column":56},"end":{"line":52,"column":1}},"line":36},"1":{"name":"(anonymous_1)","decl":{"start":{"line":43,"column":12},"end":{"line":43,"column":13}},"loc":{"start":{"line":43,"column":19},"end":{"line":43,"column":50}},"line":43},"2":{"name":"extractElementInfo","decl":{"start":{"line":54,"column":9},"end":{"line":54,"column":27}},"loc":{"start":{"line":54,"column":63},"end":{"line":64,"column":1}},"line":54},"3":{"name":"(anonymous_3)","decl":{"start":{"line":58,"column":6},"end":{"line":58,"column":7}},"loc":{"start":{"line":58,"column":13},"end":{"line":58,"column":44}},"line":58},"4":{"name":"startElementPicker","decl":{"start":{"line":66,"column":16},"end":{"line":66,"column":34}},"loc":{"start":{"line":66,"column":66},"end":{"line":148,"column":1}},"line":66},"5":{"name":"(anonymous_5)","decl":{"start":{"line":67,"column":21},"end":{"line":67,"column":22}},"loc":{"start":{"line":67,"column":34},"end":{"line":147,"column":3}},"line":67},"6":{"name":"(anonymous_6)","decl":{"start":{"line":90,"column":20},"end":{"line":90,"column":21}},"loc":{"start":{"line":90,"column":26},"end":{"line":96,"column":5}},"line":90},"7":{"name":"(anonymous_7)","decl":{"start":{"line":98,"column":28},"end":{"line":98,"column":29}},"loc":{"start":{"line":98,"column":47},"end":{"line":124,"column":5}},"line":98},"8":{"name":"(anonymous_8)","decl":{"start":{"line":126,"column":24},"end":{"line":126,"column":25}},"loc":{"start":{"line":126,"column":43},"end":{"line":135,"column":5}},"line":126},"9":{"name":"(anonymous_9)","decl":{"start":{"line":137,"column":26},"end":{"line":137,"column":27}},"loc":{"start":{"line":137,"column":48},"end":{"line":142,"column":5}},"line":137}},"branchMap":{"0":{"loc":{"start":{"line":37,"column":2},"end":{"line":39,"column":3}},"type":"if","locations":[{"start":{"line":37,"column":2},"end":{"line":39,"column":3}},{"start":{},"end":{}}],"line":37},"1":{"loc":{"start":{"line":47,"column":2},"end":{"line":49,"column":3}},"type":"if","locations":[{"start":{"line":47,"column":2},"end":{"line":49,"column":3}},{"start":{},"end":{}}],"line":47},"2":{"loc":{"start":{"line":56,"column":8},"end":{"line":56,"column":26}},"type":"binary-expr","locations":[{"start":{"line":56,"column":8},"end":{"line":56,"column":18}},{"start":{"line":56,"column":22},"end":{"line":56,"column":26}}],"line":56},"3":{"loc":{"start":{"line":60,"column":16},"end":{"line":60,"column":72}},"type":"binary-expr","locations":[{"start":{"line":60,"column":16},"end":{"line":60,"column":38}},{"start":{"line":60,"column":42},"end":{"line":60,"column":64}},{"start":{"line":60,"column":68},"end":{"line":60,"column":72}}],"line":60},"4":{"loc":{"start":{"line":103,"column":6},"end":{"line":108,"column":7}},"type":"if","locations":[{"start":{"line":103,"column":6},"end":{"line":108,"column":7}},{"start":{},"end":{}}],"line":103},"5":{"loc":{"start":{"line":103,"column":10},"end":{"line":103,"column":84}},"type":"binary-expr","locations":[{"start":{"line":103,"column":10},"end":{"line":103,"column":17}},{"start":{"line":103,"column":21},"end":{"line":103,"column":45}},{"start":{"line":103,"column":49},"end":{"line":103,"column":84}}],"line":103},"6":{"loc":{"start":{"line":130,"column":6},"end":{"line":134,"column":7}},"type":"if","locations":[{"start":{"line":130,"column":6},"end":{"line":134,"column":7}},{"start":{},"end":{}}],"line":130},"7":{"loc":{"start":{"line":138,"column":6},"end":{"line":141,"column":7}},"type":"if","locations":[{"start":{"line":138,"column":6},"end":{"line":141,"column":7}},{"start":{},"end":{}}],"line":138}},"s":{"0":0,"1":0,"2":0,"3":0,"4":0,"5":0,"6":0,"7":0,"8":0,"9":0,"10":0,"11":0,"12":0,"13":0,"14":0,"15":0,"16":0,"17":0,"18":0,"19":0,"20":0,"21":0,"22":0,"23":0,"24":0,"25":0,"26":0,"27":0,"28":0,"29":0,"30":0,"31":0,"32":0,"33":0,"34":0,"35":0,"36":0,"37":0,"38":0,"39":0,"40":0,"41":0,"42":0,"43":0,"44":0,"45":0,"46":0,"47":0,"48":0,"49":0,"50":0,"51":0,"52":0,"53":0,"54":0,"55":0,"56":0,"57":0,"58":0,"59":0,"60":0,"61":0,"62":0,"63":0,"64":0,"65":0,"66":0,"67":0,"68":0},"f":{"0":0,"1":0,"2":0,"3":0,"4":0,"5":0,"6":0,"7":0,"8":0,"9":0},"b":{"0":[0,0],"1":[0,0],"2":[0,0],"3":[0,0,0],"4":[0,0],"5":[0,0,0],"6":[0,0],"7":[0,0]}}
,"/Users/niccolocalandri/code/ultraWrap/packages/turbowrap-issue-widget/src/capture/screen-capture.ts": {"path":"/Users/niccolocalandri/code/ultraWrap/packages/turbowrap-issue-widget/src/capture/screen-capture.ts","statementMap":{"0":{"start":{"line":7,"column":2},"end":{"line":9,"column":3}},"1":{"start":{"line":8,"column":4},"end":{"line":8,"column":36}},"2":{"start":{"line":11,"column":2},"end":{"line":13,"column":3}},"3":{"start":{"line":12,"column":4},"end":{"line":12,"column":37}},"4":{"start":{"line":15,"column":2},"end":{"line":21,"column":3}},"5":{"start":{"line":16,"column":4},"end":{"line":20,"column":5}},"6":{"start":{"line":17,"column":6},"end":{"line":17,"column":45}},"7":{"start":{"line":19,"column":6},"end":{"line":19,"column":88}},"8":{"start":{"line":23,"column":2},"end":{"line":23,"column":34}},"9":{"start":{"line":27,"column":2},"end":{"line":30,"column":4}},"10":{"start":{"line":34,"column":17},"end":{"line":38,"column":4}},"11":{"start":{"line":40,"column":16},"end":{"line":40,"column":42}},"12":{"start":{"line":42,"column":2},"end":{"line":77,"column":3}},"13":{"start":{"line":43,"column":18},"end":{"line":43,"column":49}},"14":{"start":{"line":44,"column":4},"end":{"line":44,"column":29}},"15":{"start":{"line":45,"column":4},"end":{"line":45,"column":23}},"16":{"start":{"line":46,"column":4},"end":{"line":46,"column":29}},"17":{"start":{"line":48,"column":4},"end":{"line":53,"column":7}},"18":{"start":{"line":49,"column":6},"end":{"line":51,"column":8}},"19":{"start":{"line":50,"column":8},"end":{"line":50,"column":57}},"20":{"start":{"line":50,"column":32},"end":{"line":50,"column":41}},"21":{"start":{"line":52,"column":6},"end":{"line":52,"column":70}},"22":{"start":{"line":52,"column":28},"end":{"line":52,"column":69}},"23":{"start":{"line":55,"column":4},"end":{"line":55,"column":67}},"24":{"start":{"line":55,"column":35},"end":{"line":55,"column":65}},"25":{"start":{"line":57,"column":19},"end":{"line":57,"column":51}},"26":{"start":{"line":58,"column":4},"end":{"line":58,"column":36}},"27":{"start":{"line":59,"column":4},"end":{"line":59,"column":38}},"28":{"start":{"line":60,"column":16},"end":{"line":60,"column":39}},"29":{"start":{"line":61,"column":4},"end":{"line":61,"column":62}},"30":{"start":{"line":61,"column":14},"end":{"line":61,"column":62}},"31":{"start":{"line":62,"column":4},"end":{"line":62,"column":31}},"32":{"start":{"line":64,"column":4},"end":{"line":73,"column":7}},"33":{"start":{"line":65,"column":6},"end":{"line":72,"column":8}},"34":{"start":{"line":67,"column":10},"end":{"line":68,"column":58}},"35":{"start":{"line":67,"column":20},"end":{"line":67,"column":34}},"36":{"start":{"line":68,"column":15},"end":{"line":68,"column":58}},"37":{"start":{"line":75,"column":4},"end":{"line":75,"column":17}},"38":{"start":{"line":76,"column":4},"end":{"line":76,"column":48}},"39":{"start":{"line":76,"column":38},"end":{"line":76,"column":46}},"40":{"start":{"line":81,"column":17},"end":{"line":88,"column":4}},"41":{"start":{"line":90,"column":2},"end":{"line":99,"column":5}},"42":{"start":{"line":91,"column":4},"end":{"line":98,"column":6}},"43":{"start":{"line":93,"column":8},"end":{"line":94,"column":56}},"44":{"start":{"line":93,"column":18},"end":{"line":93,"column":32}},"45":{"start":{"line":94,"column":13},"end":{"line":94,"column":56}},"46":{"start":{"line":103,"column":2},"end":{"line":151,"column":5}},"47":{"start":{"line":104,"column":16},"end":{"line":104,"column":27}},"48":{"start":{"line":105,"column":16},"end":{"line":105,"column":41}},"49":{"start":{"line":107,"column":4},"end":{"line":139,"column":6}},"50":{"start":{"line":108,"column":6},"end":{"line":112,"column":7}},"51":{"start":{"line":109,"column":8},"end":{"line":109,"column":33}},"52":{"start":{"line":111,"column":8},"end":{"line":111,"column":58}},"53":{"start":{"line":114,"column":30},"end":{"line":114,"column":33}},"54":{"start":{"line":115,"column":6},"end":{"line":118,"column":7}},"55":{"start":{"line":116,"column":8},"end":{"line":116,"column":45}},"56":{"start":{"line":117,"column":8},"end":{"line":117,"column":25}},"57":{"start":{"line":120,"column":21},"end":{"line":120,"column":53}},"58":{"start":{"line":121,"column":6},"end":{"line":121,"column":27}},"59":{"start":{"line":122,"column":6},"end":{"line":122,"column":29}},"60":{"start":{"line":123,"column":18},"end":{"line":123,"column":41}},"61":{"start":{"line":124,"column":6},"end":{"line":127,"column":7}},"62":{"start":{"line":125,"column":8},"end":{"line":125,"column":58}},"63":{"start":{"line":126,"column":8},"end":{"line":126,"column":15}},"64":{"start":{"line":129,"column":6},"end":{"line":129,"column":46}},"65":{"start":{"line":131,"column":6},"end":{"line":138,"column":8}},"66":{"start":{"line":133,"column":10},"end":{"line":134,"column":61}},"67":{"start":{"line":133,"column":22},"end":{"line":133,"column":38}},"68":{"start":{"line":134,"column":15},"end":{"line":134,"column":61}},"69":{"start":{"line":141,"column":4},"end":{"line":148,"column":6}},"70":{"start":{"line":142,"column":6},"end":{"line":146,"column":7}},"71":{"start":{"line":143,"column":8},"end":{"line":143,"column":33}},"72":{"start":{"line":145,"column":8},"end":{"line":145,"column":70}},"73":{"start":{"line":147,"column":6},"end":{"line":147,"column":48}},"74":{"start":{"line":150,"column":4},"end":{"line":150,"column":18}},"75":{"start":{"line":155,"column":2},"end":{"line":167,"column":5}},"76":{"start":{"line":156,"column":19},"end":{"line":156,"column":35}},"77":{"start":{"line":157,"column":4},"end":{"line":164,"column":6}},"78":{"start":{"line":158,"column":21},"end":{"line":158,"column":34}},"79":{"start":{"line":159,"column":6},"end":{"line":163,"column":7}},"80":{"start":{"line":160,"column":8},"end":{"line":160,"column":24}},"81":{"start":{"line":162,"column":8},"end":{"line":162,"column":63}},"82":{"start":{"line":165,"column":4},"end":{"line":165,"column":80}},"83":{"start":{"line":165,"column":27},"end":{"line":165,"column":79}},"84":{"start":{"line":166,"column":4},"end":{"line":166,"column":31}}},"fnMap":{"0":{"name":"captureScreen","decl":{"start":{"line":6,"column":22},"end":{"line":6,"column":35}},"loc":{"start":{"line":6,"column":83},"end":{"line":24,"column":1}},"line":6},"1":{"name":"supportsDisplayMedia","decl":{"start":{"line":26,"column":16},"end":{"line":26,"column":36}},"loc":{"start":{"line":26,"column":48},"end":{"line":31,"column":1}},"line":26},"2":{"name":"captureWithDisplayMedia","decl":{"start":{"line":33,"column":15},"end":{"line":33,"column":38}},"loc":{"start":{"line":33,"column":56},"end":{"line":78,"column":1}},"line":33},"3":{"name":"(anonymous_3)","decl":{"start":{"line":48,"column":28},"end":{"line":48,"column":29}},"loc":{"start":{"line":48,"column":49},"end":{"line":53,"column":5}},"line":48},"4":{"name":"(anonymous_4)","decl":{"start":{"line":49,"column":31},"end":{"line":49,"column":32}},"loc":{"start":{"line":49,"column":37},"end":{"line":51,"column":7}},"line":49},"5":{"name":"(anonymous_5)","decl":{"start":{"line":50,"column":26},"end":{"line":50,"column":27}},"loc":{"start":{"line":50,"column":32},"end":{"line":50,"column":41}},"line":50},"6":{"name":"(anonymous_6)","decl":{"start":{"line":52,"column":22},"end":{"line":52,"column":23}},"loc":{"start":{"line":52,"column":28},"end":{"line":52,"column":69}},"line":52},"7":{"name":"(anonymous_7)","decl":{"start":{"line":55,"column":22},"end":{"line":55,"column":23}},"loc":{"start":{"line":55,"column":35},"end":{"line":55,"column":65}},"line":55},"8":{"name":"(anonymous_8)","decl":{"start":{"line":64,"column":23},"end":{"line":64,"column":24}},"loc":{"start":{"line":64,"column":44},"end":{"line":73,"column":5}},"line":64},"9":{"name":"(anonymous_9)","decl":{"start":{"line":66,"column":8},"end":{"line":66,"column":9}},"loc":{"start":{"line":66,"column":18},"end":{"line":69,"column":9}},"line":66},"10":{"name":"(anonymous_10)","decl":{"start":{"line":76,"column":31},"end":{"line":76,"column":32}},"loc":{"start":{"line":76,"column":38},"end":{"line":76,"column":46}},"line":76},"11":{"name":"captureWithHtml2Canvas","decl":{"start":{"line":80,"column":15},"end":{"line":80,"column":37}},"loc":{"start":{"line":80,"column":55},"end":{"line":100,"column":1}},"line":80},"12":{"name":"(anonymous_12)","decl":{"start":{"line":90,"column":21},"end":{"line":90,"column":22}},"loc":{"start":{"line":90,"column":42},"end":{"line":99,"column":3}},"line":90},"13":{"name":"(anonymous_13)","decl":{"start":{"line":92,"column":6},"end":{"line":92,"column":7}},"loc":{"start":{"line":92,"column":16},"end":{"line":95,"column":7}},"line":92},"14":{"name":"compressImage","decl":{"start":{"line":102,"column":22},"end":{"line":102,"column":35}},"loc":{"start":{"line":102,"column":80},"end":{"line":152,"column":1}},"line":102},"15":{"name":"(anonymous_15)","decl":{"start":{"line":103,"column":21},"end":{"line":103,"column":22}},"loc":{"start":{"line":103,"column":42},"end":{"line":151,"column":3}},"line":103},"16":{"name":"(anonymous_16)","decl":{"start":{"line":107,"column":17},"end":{"line":107,"column":18}},"loc":{"start":{"line":107,"column":23},"end":{"line":139,"column":5}},"line":107},"17":{"name":"(anonymous_17)","decl":{"start":{"line":132,"column":8},"end":{"line":132,"column":9}},"loc":{"start":{"line":132,"column":20},"end":{"line":135,"column":9}},"line":132},"18":{"name":"(anonymous_18)","decl":{"start":{"line":141,"column":18},"end":{"line":141,"column":19}},"loc":{"start":{"line":141,"column":24},"end":{"line":148,"column":5}},"line":141},"19":{"name":"blobToDataUrl","decl":{"start":{"line":154,"column":16},"end":{"line":154,"column":29}},"loc":{"start":{"line":154,"column":59},"end":{"line":168,"column":1}},"line":154},"20":{"name":"(anonymous_20)","decl":{"start":{"line":155,"column":21},"end":{"line":155,"column":22}},"loc":{"start":{"line":155,"column":42},"end":{"line":167,"column":3}},"line":155},"21":{"name":"(anonymous_21)","decl":{"start":{"line":157,"column":20},"end":{"line":157,"column":21}},"loc":{"start":{"line":157,"column":26},"end":{"line":164,"column":5}},"line":157},"22":{"name":"(anonymous_22)","decl":{"start":{"line":165,"column":21},"end":{"line":165,"column":22}},"loc":{"start":{"line":165,"column":27},"end":{"line":165,"column":79}},"line":165}},"branchMap":{"0":{"loc":{"start":{"line":6,"column":36},"end":{"line":6,"column":66}},"type":"default-arg","locations":[{"start":{"line":6,"column":60},"end":{"line":6,"column":66}}],"line":6},"1":{"loc":{"start":{"line":7,"column":2},"end":{"line":9,"column":3}},"type":"if","locations":[{"start":{"line":7,"column":2},"end":{"line":9,"column":3}},{"start":{},"end":{}}],"line":7},"2":{"loc":{"start":{"line":11,"column":2},"end":{"line":13,"column":3}},"type":"if","locations":[{"start":{"line":11,"column":2},"end":{"line":13,"column":3}},{"start":{},"end":{}}],"line":11},"3":{"loc":{"start":{"line":15,"column":2},"end":{"line":21,"column":3}},"type":"if","locations":[{"start":{"line":15,"column":2},"end":{"line":21,"column":3}},{"start":{},"end":{}}],"line":15},"4":{"loc":{"start":{"line":28,"column":4},"end":{"line":29,"column":47}},"type":"binary-expr","locations":[{"start":{"line":28,"column":4},"end":{"line":28,"column":26}},{"start":{"line":29,"column":4},"end":{"line":29,"column":47}}],"line":28},"5":{"loc":{"start":{"line":61,"column":4},"end":{"line":61,"column":62}},"type":"if","locations":[{"start":{"line":61,"column":4},"end":{"line":61,"column":62}},{"start":{},"end":{}}],"line":61},"6":{"loc":{"start":{"line":67,"column":10},"end":{"line":68,"column":58}},"type":"if","locations":[{"start":{"line":67,"column":10},"end":{"line":68,"column":58}},{"start":{"line":68,"column":15},"end":{"line":68,"column":58}}],"line":67},"7":{"loc":{"start":{"line":93,"column":8},"end":{"line":94,"column":56}},"type":"if","locations":[{"start":{"line":93,"column":8},"end":{"line":94,"column":56}},{"start":{"line":94,"column":13},"end":{"line":94,"column":56}}],"line":93},"8":{"loc":{"start":{"line":102,"column":48},"end":{"line":102,"column":63}},"type":"default-arg","locations":[{"start":{"line":102,"column":59},"end":{"line":102,"column":63}}],"line":102},"9":{"loc":{"start":{"line":115,"column":6},"end":{"line":118,"column":7}},"type":"if","locations":[{"start":{"line":115,"column":6},"end":{"line":118,"column":7}},{"start":{},"end":{}}],"line":115},"10":{"loc":{"start":{"line":124,"column":6},"end":{"line":127,"column":7}},"type":"if","locations":[{"start":{"line":124,"column":6},"end":{"line":127,"column":7}},{"start":{},"end":{}}],"line":124},"11":{"loc":{"start":{"line":133,"column":10},"end":{"line":134,"column":61}},"type":"if","locations":[{"start":{"line":133,"column":10},"end":{"line":134,"column":61}},{"start":{"line":134,"column":15},"end":{"line":134,"column":61}}],"line":133},"12":{"loc":{"start":{"line":159,"column":6},"end":{"line":163,"column":7}},"type":"if","locations":[{"start":{"line":159,"column":6},"end":{"line":163,"column":7}},{"start":{"line":161,"column":13},"end":{"line":163,"column":7}}],"line":159}},"s":{"0":0,"1":0,"2":0,"3":0,"4":0,"5":0,"6":0,"7":0,"8":0,"9":0,"10":0,"11":0,"12":0,"13":0,"14":0,"15":0,"16":0,"17":0,"18":0,"19":0,"20":0,"21":0,"22":0,"23":0,"24":0,"25":0,"26":0,"27":0,"28":0,"29":0,"30":0,"31":0,"32":0,"33":0,"34":0,"35":0,"36":0,"37":0,"38":0,"39":0,"40":0,"41":0,"42":0,"43":0,"44":0,"45":0,"46":0,"47":0,"48":0,"49":0,"50":0,"51":0,"52":0,"53":0,"54":0,"55":0,"56":0,"57":0,"58":0,"59":0,"60":0,"61":0,"62":0,"63":0,"64":0,"65":0,"66":0,"67":0,"68":0,"69":0,"70":0,"71":0,"72":0,"73":0,"74":0,"75":0,"76":0,"77":0,"78":0,"79":0,"80":0,"81":0,"82":0,"83":0,"84":0},"f":{"0":0,"1":0,"2":0,"3":0,"4":0,"5":0,"6":0,"7":0,"8":0,"9":0,"10":0,"11":0,"12":0,"13":0,"14":0,"15":0,"16":0,"17":0,"18":0,"19":0,"20":0,"21":0,"22":0},"b":{"0":[0],"1":[0,0],"2":[0,0],"3":[0,0],"4":[0,0],"5":[0,0],"6":[0,0],"7":[0,0],"8":[0],"9":[0,0],"10":[0,0],"11":[0,0],"12":[0,0]}}
,"/Users/niccolocalandri/code/ultraWrap/packages/turbowrap-issue-widget/src/ui/icons.ts": {"path":"/Users/niccolocalandri/code/ultraWrap/packages/turbowrap-issue-widget/src/ui/icons.ts","statementMap":{"0":{"start":{"line":1,"column":21},"end":{"line":75,"column":1}}},"fnMap":{},"branchMap":{},"s":{"0":1},"f":{},"b":{},"_coverageSchema":"1a1c01bbd47fc00a2c39e90264f33305004495a9","hash":"ed13a3e67a1d29976ac7562f3ea9a087f3ea7ac9"}
,"/Users/niccolocalandri/code/ultraWrap/packages/turbowrap-issue-widget/src/ui/styles.ts": {"path":"/Users/niccolocalandri/code/ultraWrap/packages/turbowrap-issue-widget/src/ui/styles.ts","statementMap":{"0":{"start":{"line":1,"column":29},"end":{"line":960,"column":1}}},"fnMap":{},"branchMap":{},"s":{"0":1},"f":{},"b":{},"_coverageSchema":"1a1c01bbd47fc00a2c39e90264f33305004495a9","hash":"c6d015eb2e208a0d81b495ce26b6cc60f734bc6d"}
}
