TN:
SF:src/widget.ts
FN:64,(anonymous_0)
FN:111,(anonymous_1)
FN:134,(anonymous_2)
FN:140,(anonymous_3)
FN:147,(anonymous_4)
FN:154,(anonymous_5)
FN:209,(anonymous_6)
FN:216,(anonymous_7)
FN:219,(anonymous_8)
FN:237,(anonymous_9)
FN:252,(anonymous_10)
FN:325,(anonymous_11)
FN:358,(anonymous_12)
FN:361,(anonymous_13)
FN:374,(anonymous_14)
FN:378,(anonymous_15)
FN:390,(anonymous_16)
FN:404,(anonymous_17)
FN:415,(anonymous_18)
FN:471,(anonymous_19)
FN:503,(anonymous_20)
FN:516,(anonymous_21)
FN:520,(anonymous_22)
FN:550,(anonymous_23)
FN:558,(anonymous_24)
FN:559,(anonymous_25)
FN:560,(anonymous_26)
FN:571,(anonymous_27)
FN:612,(anonymous_28)
FN:619,(anonymous_29)
FN:640,(anonymous_30)
FN:652,(anonymous_31)
FN:674,(anonymous_32)
FN:678,(anonymous_33)
FN:682,(anonymous_34)
FN:688,(anonymous_35)
FN:691,(anonymous_36)
FN:724,(anonymous_37)
FN:781,(anonymous_38)
FN:803,(anonymous_39)
FN:834,(anonymous_40)
FN:839,(anonymous_41)
FN:858,(anonymous_42)
FN:879,(anonymous_43)
FN:898,(anonymous_44)
FN:901,(anonymous_45)
FN:920,(anonymous_46)
FN:925,(anonymous_47)
FN:951,(anonymous_48)
FN:965,(anonymous_49)
FN:981,(anonymous_50)
FN:988,(anonymous_51)
FN:1007,(anonymous_52)
FN:1062,(anonymous_53)
FN:1068,(anonymous_54)
FN:1074,(anonymous_55)
FN:1090,(anonymous_56)
FN:1104,(anonymous_57)
FN:1119,(anonymous_58)
FN:1120,(anonymous_59)
FN:1126,(anonymous_60)
FN:1144,(anonymous_61)
FN:1153,(anonymous_62)
FN:1160,(anonymous_63)
FN:1183,(anonymous_64)
FN:1187,(anonymous_65)
FN:1196,(anonymous_66)
FN:1210,(anonymous_67)
FN:1229,(anonymous_68)
FN:1233,(anonymous_69)
FN:1240,(anonymous_70)
FN:1256,(anonymous_71)
FN:1262,(anonymous_72)
FN:1270,(anonymous_73)
FN:1288,(anonymous_74)
FNF:75
FNH:21
FNDA:21,(anonymous_0)
FNDA:21,(anonymous_1)
FNDA:21,(anonymous_2)
FNDA:0,(anonymous_3)
FNDA:0,(anonymous_4)
FNDA:21,(anonymous_5)
FNDA:26,(anonymous_6)
FNDA:26,(anonymous_7)
FNDA:78,(anonymous_8)
FNDA:26,(anonymous_9)
FNDA:26,(anonymous_10)
FNDA:0,(anonymous_11)
FNDA:0,(anonymous_12)
FNDA:0,(anonymous_13)
FNDA:0,(anonymous_14)
FNDA:0,(anonymous_15)
FNDA:0,(anonymous_16)
FNDA:0,(anonymous_17)
FNDA:0,(anonymous_18)
FNDA:26,(anonymous_19)
FNDA:0,(anonymous_20)
FNDA:0,(anonymous_21)
FNDA:0,(anonymous_22)
FNDA:26,(anonymous_23)
FNDA:0,(anonymous_24)
FNDA:0,(anonymous_25)
FNDA:0,(anonymous_26)
FNDA:0,(anonymous_27)
FNDA:0,(anonymous_28)
FNDA:0,(anonymous_29)
FNDA:0,(anonymous_30)
FNDA:34,(anonymous_31)
FNDA:0,(anonymous_32)
FNDA:0,(anonymous_33)
FNDA:0,(anonymous_34)
FNDA:1,(anonymous_35)
FNDA:0,(anonymous_36)
FNDA:5,(anonymous_37)
FNDA:2,(anonymous_38)
FNDA:0,(anonymous_39)
FNDA:0,(anonymous_40)
FNDA:0,(anonymous_41)
FNDA:0,(anonymous_42)
FNDA:0,(anonymous_43)
FNDA:1,(anonymous_44)
FNDA:1,(anonymous_45)
FNDA:0,(anonymous_46)
FNDA:0,(anonymous_47)
FNDA:0,(anonymous_48)
FNDA:0,(anonymous_49)
FNDA:0,(anonymous_50)
FNDA:0,(anonymous_51)
FNDA:0,(anonymous_52)
FNDA:0,(anonymous_53)
FNDA:0,(anonymous_54)
FNDA:0,(anonymous_55)
FNDA:0,(anonymous_56)
FNDA:0,(anonymous_57)
FNDA:0,(anonymous_58)
FNDA:0,(anonymous_59)
FNDA:0,(anonymous_60)
FNDA:0,(anonymous_61)
FNDA:0,(anonymous_62)
FNDA:0,(anonymous_63)
FNDA:0,(anonymous_64)
FNDA:0,(anonymous_65)
FNDA:0,(anonymous_66)
FNDA:0,(anonymous_67)
FNDA:0,(anonymous_68)
FNDA:0,(anonymous_69)
FNDA:0,(anonymous_70)
FNDA:56,(anonymous_71)
FNDA:3,(anonymous_72)
FNDA:8,(anonymous_73)
FNDA:1,(anonymous_74)
DA:49,1
DA:50,1
DA:60,21
DA:61,21
DA:62,21
DA:65,21
DA:73,21
DA:75,21
DA:102,21
DA:103,21
DA:104,21
DA:106,21
DA:107,21
DA:108,21
DA:112,21
DA:113,21
DA:114,21
DA:117,21
DA:118,0
DA:119,21
DA:120,21
DA:121,0
DA:126,21
DA:127,1
DA:135,21
DA:136,21
DA:137,21
DA:138,21
DA:141,0
DA:142,0
DA:143,0
DA:148,0
DA:149,0
DA:150,0
DA:155,21
DA:156,21
DA:158,21
DA:210,26
DA:216,26
DA:218,26
DA:220,78
DA:221,78
DA:222,0
DA:223,78
DA:224,26
DA:227,78
DA:238,26
DA:240,26
DA:242,0
DA:244,0
DA:246,0
DA:248,0
DA:253,26
DA:254,26
DA:255,26
DA:257,26
DA:326,0
DA:327,0
DA:329,0
DA:359,0
DA:361,0
DA:375,0
DA:378,0
DA:391,0
DA:392,0
DA:394,0
DA:405,0
DA:407,0
DA:415,0
DA:424,0
DA:434,0
DA:444,0
DA:472,26
DA:474,26
DA:476,26
DA:484,0
DA:492,0
DA:494,0
DA:499,0
DA:504,0
DA:505,0
DA:507,0
DA:511,0
DA:512,0
DA:515,0
DA:516,0
DA:520,0
DA:521,0
DA:522,0
DA:524,0
DA:525,0
DA:527,0
DA:528,0
DA:529,0
DA:533,0
DA:534,0
DA:535,0
DA:541,0
DA:542,0
DA:543,0
DA:547,0
DA:552,26
DA:554,26
DA:555,26
DA:556,26
DA:558,26
DA:559,26
DA:560,26
DA:562,26
DA:563,26
DA:564,26
DA:567,26
DA:568,26
DA:569,26
DA:571,26
DA:572,0
DA:574,0
DA:575,0
DA:576,0
DA:577,0
DA:578,0
DA:579,0
DA:580,0
DA:581,0
DA:582,0
DA:583,0
DA:584,0
DA:585,0
DA:586,0
DA:587,0
DA:588,0
DA:589,0
DA:590,0
DA:594,0
DA:595,0
DA:596,0
DA:597,0
DA:601,0
DA:602,0
DA:603,0
DA:607,0
DA:608,0
DA:612,26
DA:613,0
DA:614,0
DA:615,0
DA:619,26
DA:620,0
DA:622,0
DA:623,0
DA:624,0
DA:625,0
DA:626,0
DA:627,0
DA:628,0
DA:629,0
DA:630,0
DA:632,0
DA:633,0
DA:634,0
DA:640,26
DA:641,0
DA:642,0
DA:643,0
DA:644,0
DA:645,0
DA:646,0
DA:653,34
DA:654,34
DA:655,34
DA:657,34
DA:658,34
DA:659,34
DA:661,34
DA:662,13
DA:664,34
DA:665,13
DA:667,34
DA:668,13
DA:671,34
DA:675,0
DA:676,0
DA:678,0
DA:679,0
DA:683,0
DA:684,0
DA:685,0
DA:690,1
DA:691,1
DA:692,0
DA:696,1
DA:725,5
DA:726,5
DA:728,5
DA:729,0
DA:730,0
DA:732,5
DA:733,5
DA:737,5
DA:738,5
DA:740,5
DA:777,5
DA:782,2
DA:783,2
DA:785,2
DA:787,2
DA:789,2
DA:790,2
DA:791,2
DA:792,0
DA:796,2
DA:797,0
DA:800,2
DA:803,2
DA:804,0
DA:805,0
DA:807,0
DA:810,2
DA:812,2
DA:813,2
DA:814,2
DA:815,2
DA:817,0
DA:818,0
DA:820,0
DA:821,0
DA:824,2
DA:825,2
DA:826,2
DA:828,0
DA:830,2
DA:835,0
DA:836,0
DA:840,0
DA:842,0
DA:843,0
DA:844,0
DA:845,0
DA:848,0
DA:849,0
DA:850,0
DA:851,0
DA:854,0
DA:855,0
DA:858,0
DA:859,0
DA:860,0
DA:862,0
DA:865,0
DA:867,0
DA:868,0
DA:869,0
DA:870,0
DA:871,0
DA:873,0
DA:874,0
DA:875,0
DA:881,0
DA:882,0
DA:883,0
DA:884,0
DA:885,0
DA:886,0
DA:889,0
DA:890,0
DA:894,0
DA:899,1
DA:901,1
DA:902,1
DA:903,1
DA:905,0
DA:908,1
DA:910,1
DA:911,1
DA:912,1
DA:913,1
DA:915,0
DA:916,0
DA:921,0
DA:922,0
DA:927,0
DA:928,0
DA:929,0
DA:930,0
DA:933,0
DA:934,0
DA:935,0
DA:936,0
DA:940,0
DA:941,0
DA:942,0
DA:943,0
DA:947,0
DA:948,0
DA:953,0
DA:954,0
DA:955,0
DA:956,0
DA:957,0
DA:961,0
DA:962,0
DA:966,0
DA:967,0
DA:970,0
DA:971,0
DA:972,0
DA:974,0
DA:975,0
DA:976,0
DA:982,0
DA:983,0
DA:984,0
DA:989,0
DA:991,0
DA:994,0
DA:995,0
DA:996,0
DA:997,0
DA:998,0
DA:999,0
DA:1000,0
DA:1001,0
DA:1004,0
DA:1008,0
DA:1011,0
DA:1012,0
DA:1013,0
DA:1014,0
DA:1017,0
DA:1018,0
DA:1019,0
DA:1020,0
DA:1023,0
DA:1026,0
DA:1032,0
DA:1033,0
DA:1034,0
DA:1035,0
DA:1036,0
DA:1037,0
DA:1038,0
DA:1040,0
DA:1042,0
DA:1043,0
DA:1048,0
DA:1049,0
DA:1053,0
DA:1063,0
DA:1064,0
DA:1065,0
DA:1069,0
DA:1070,0
DA:1076,0
DA:1077,0
DA:1083,0
DA:1085,0
DA:1086,0
DA:1087,0
DA:1091,0
DA:1092,0
DA:1093,0
DA:1094,0
DA:1098,0
DA:1099,0
DA:1100,0
DA:1106,0
DA:1107,0
DA:1121,0
DA:1122,0
DA:1123,0
DA:1124,0
DA:1128,0
DA:1134,0
DA:1136,0
DA:1140,0
DA:1145,0
DA:1146,0
DA:1147,0
DA:1149,0
DA:1154,0
DA:1155,0
DA:1156,0
DA:1161,0
DA:1162,0
DA:1163,0
DA:1164,0
DA:1167,0
DA:1168,0
DA:1169,0
DA:1171,0
DA:1174,0
DA:1184,0
DA:1185,0
DA:1188,0
DA:1189,0
DA:1190,0
DA:1191,0
DA:1192,0
DA:1193,0
DA:1194,0
DA:1197,0
DA:1198,0
DA:1199,0
DA:1200,0
DA:1204,0
DA:1205,0
DA:1206,0
DA:1211,0
DA:1212,0
DA:1213,0
DA:1214,0
DA:1216,0
DA:1217,0
DA:1230,0
DA:1231,0
DA:1234,0
DA:1235,0
DA:1236,0
DA:1237,0
DA:1238,0
DA:1241,0
DA:1242,0
DA:1243,0
DA:1244,0
DA:1245,0
DA:1249,0
DA:1250,0
DA:1251,0
DA:1252,0
DA:1257,56
DA:1258,56
DA:1259,56
DA:1264,3
DA:1265,0
DA:1267,3
DA:1272,8
DA:1273,1
DA:1274,1
DA:1278,8
DA:1279,8
DA:1280,1
DA:1281,1
DA:1283,0
DA:1288,8
DA:1289,1
DA:1290,1
DA:1292,0
DA:1295,8
DA:1298,8
DA:1301,8
DA:1328,8
DA:1329,8
DA:1331,0
DA:1335,8
LF:454
LH:137
BRDA:117,0,0,0
BRDA:117,0,1,21
BRDA:119,1,0,21
BRDA:119,1,1,0
BRDA:120,2,0,0
BRDA:120,2,1,21
BRDA:126,3,0,1
BRDA:126,3,1,20
BRDA:142,4,0,0
BRDA:142,4,1,0
BRDA:149,5,0,0
BRDA:149,5,1,0
BRDA:155,6,0,21
BRDA:155,6,1,0
BRDA:164,7,0,0
BRDA:164,7,1,21
BRDA:166,8,0,0
BRDA:166,8,1,21
BRDA:169,9,0,0
BRDA:169,9,1,21
BRDA:175,10,0,21
BRDA:175,10,1,0
BRDA:180,11,0,0
BRDA:180,11,1,21
BRDA:187,12,0,21
BRDA:187,12,1,0
BRDA:221,13,0,0
BRDA:221,13,1,78
BRDA:221,14,0,78
BRDA:221,14,1,78
BRDA:223,15,0,26
BRDA:223,15,1,52
BRDA:229,16,0,0
BRDA:229,16,1,78
BRDA:229,17,0,78
BRDA:229,17,1,78
BRDA:238,18,0,26
BRDA:238,18,1,0
BRDA:238,18,2,0
BRDA:238,18,3,0
BRDA:238,18,4,0
BRDA:261,19,0,26
BRDA:261,19,1,0
BRDA:265,20,0,0
BRDA:265,20,1,26
BRDA:269,21,0,0
BRDA:269,21,1,26
BRDA:293,22,0,2
BRDA:293,22,1,24
BRDA:301,23,0,0
BRDA:301,23,1,26
BRDA:310,24,0,2
BRDA:310,24,1,24
BRDA:317,25,0,0
BRDA:317,25,1,26
BRDA:321,26,0,0
BRDA:321,26,1,26
BRDA:327,27,0,0
BRDA:327,27,1,0
BRDA:344,28,0,0
BRDA:344,28,1,0
BRDA:344,29,0,0
BRDA:344,29,1,0
BRDA:348,30,0,0
BRDA:348,30,1,0
BRDA:348,31,0,0
BRDA:348,31,1,0
BRDA:352,32,0,0
BRDA:352,32,1,0
BRDA:352,33,0,0
BRDA:352,33,1,0
BRDA:367,34,0,0
BRDA:367,34,1,0
BRDA:386,35,0,0
BRDA:386,35,1,0
BRDA:392,36,0,0
BRDA:392,36,1,0
BRDA:407,37,0,0
BRDA:407,37,1,0
BRDA:416,38,0,0
BRDA:416,38,1,0
BRDA:417,39,0,0
BRDA:417,39,1,0
BRDA:424,40,0,0
BRDA:424,40,1,0
BRDA:424,41,0,0
BRDA:424,41,1,0
BRDA:434,42,0,0
BRDA:434,42,1,0
BRDA:456,43,0,0
BRDA:456,43,1,0
BRDA:461,44,0,0
BRDA:461,44,1,0
BRDA:461,45,0,0
BRDA:461,45,1,0
BRDA:467,46,0,0
BRDA:467,46,1,0
BRDA:472,47,0,26
BRDA:472,47,1,26
BRDA:474,48,0,26
BRDA:474,48,1,0
BRDA:474,48,2,0
BRDA:474,48,3,0
BRDA:474,48,4,0
BRDA:478,49,0,2
BRDA:478,49,1,24
BRDA:479,50,0,0
BRDA:479,50,1,26
BRDA:486,51,0,0
BRDA:486,51,1,0
BRDA:487,52,0,0
BRDA:487,52,1,0
BRDA:505,53,0,0
BRDA:505,53,1,0
BRDA:515,54,0,0
BRDA:515,54,1,0
BRDA:515,55,0,0
BRDA:515,55,1,0
BRDA:522,56,0,0
BRDA:522,56,1,0
BRDA:524,57,0,0
BRDA:524,57,1,0
BRDA:525,58,0,0
BRDA:525,58,1,0
BRDA:527,59,0,0
BRDA:527,59,1,0
BRDA:533,60,0,0
BRDA:533,60,1,0
BRDA:541,61,0,0
BRDA:541,61,1,0
BRDA:541,62,0,0
BRDA:541,62,1,0
BRDA:574,63,0,0
BRDA:574,63,1,0
BRDA:574,64,0,0
BRDA:574,64,1,0
BRDA:576,65,0,0
BRDA:576,65,1,0
BRDA:576,66,0,0
BRDA:576,66,1,0
BRDA:578,67,0,0
BRDA:578,67,1,0
BRDA:578,68,0,0
BRDA:578,68,1,0
BRDA:581,69,0,0
BRDA:581,69,1,0
BRDA:581,70,0,0
BRDA:581,70,1,0
BRDA:583,71,0,0
BRDA:583,71,1,0
BRDA:583,72,0,0
BRDA:583,72,1,0
BRDA:585,73,0,0
BRDA:585,73,1,0
BRDA:585,74,0,0
BRDA:585,74,1,0
BRDA:587,75,0,0
BRDA:587,75,1,0
BRDA:589,76,0,0
BRDA:589,76,1,0
BRDA:595,77,0,0
BRDA:595,77,1,0
BRDA:595,78,0,0
BRDA:595,78,1,0
BRDA:602,79,0,0
BRDA:602,79,1,0
BRDA:602,80,0,0
BRDA:602,80,1,0
BRDA:607,81,0,0
BRDA:607,81,1,0
BRDA:607,82,0,0
BRDA:607,82,1,0
BRDA:614,83,0,0
BRDA:614,83,1,0
BRDA:614,84,0,0
BRDA:614,84,1,0
BRDA:622,85,0,0
BRDA:622,85,1,0
BRDA:624,86,0,0
BRDA:624,86,1,0
BRDA:626,87,0,0
BRDA:626,87,1,0
BRDA:629,88,0,0
BRDA:629,88,1,0
BRDA:633,89,0,0
BRDA:633,89,1,0
BRDA:634,90,0,0
BRDA:634,90,1,0
BRDA:643,91,0,0
BRDA:643,91,1,0
BRDA:643,92,0,0
BRDA:643,92,1,0
BRDA:643,92,2,0
BRDA:645,93,0,0
BRDA:645,93,1,0
BRDA:645,94,0,0
BRDA:645,94,1,0
BRDA:661,95,0,13
BRDA:661,95,1,21
BRDA:661,96,0,34
BRDA:661,96,1,13
BRDA:664,97,0,13
BRDA:664,97,1,21
BRDA:664,98,0,34
BRDA:664,98,1,13
BRDA:667,99,0,13
BRDA:667,99,1,21
BRDA:667,100,0,34
BRDA:667,100,1,13
BRDA:690,101,0,1
BRDA:690,101,1,0
BRDA:728,102,0,0
BRDA:728,102,1,5
BRDA:737,103,0,5
BRDA:737,103,1,0
BRDA:742,104,0,0
BRDA:742,104,1,5
BRDA:747,105,0,5
BRDA:747,105,1,0
BRDA:751,106,0,0
BRDA:751,106,1,5
BRDA:757,107,0,5
BRDA:757,107,1,0
BRDA:791,108,0,0
BRDA:791,108,1,2
BRDA:791,109,0,2
BRDA:791,109,1,2
BRDA:796,110,0,0
BRDA:796,110,1,2
BRDA:817,111,0,0
BRDA:817,111,1,0
BRDA:842,112,0,0
BRDA:842,112,1,0
BRDA:848,113,0,0
BRDA:848,113,1,0
BRDA:873,114,0,0
BRDA:873,114,1,0
BRDA:884,115,0,0
BRDA:884,115,1,0
BRDA:889,116,0,0
BRDA:889,116,1,0
BRDA:927,117,0,0
BRDA:927,117,1,0
BRDA:933,118,0,0
BRDA:933,118,1,0
BRDA:940,119,0,0
BRDA:940,119,1,0
BRDA:954,120,0,0
BRDA:954,120,1,0
BRDA:966,121,0,0
BRDA:966,121,1,0
BRDA:970,122,0,0
BRDA:970,122,1,0
BRDA:971,123,0,0
BRDA:971,123,1,0
BRDA:974,124,0,0
BRDA:974,124,1,0
BRDA:975,125,0,0
BRDA:975,125,1,0
BRDA:982,126,0,0
BRDA:982,126,1,0
BRDA:989,127,0,0
BRDA:989,127,1,0
BRDA:994,128,0,0
BRDA:994,128,1,0
BRDA:1011,129,0,0
BRDA:1011,129,1,0
BRDA:1017,130,0,0
BRDA:1017,130,1,0
BRDA:1023,131,0,0
BRDA:1023,131,1,0
BRDA:1042,132,0,0
BRDA:1042,132,1,0
BRDA:1046,133,0,0
BRDA:1046,133,1,0
BRDA:1059,134,0,0
BRDA:1059,134,1,0
BRDA:1069,135,0,0
BRDA:1069,135,1,0
BRDA:1076,136,0,0
BRDA:1076,136,1,0
BRDA:1098,137,0,0
BRDA:1098,137,1,0
BRDA:1115,138,0,0
BRDA:1115,138,1,0
BRDA:1117,139,0,0
BRDA:1117,139,1,0
BRDA:1146,140,0,0
BRDA:1146,140,1,0
BRDA:1146,141,0,0
BRDA:1146,141,1,0
BRDA:1155,142,0,0
BRDA:1155,142,1,0
BRDA:1161,143,0,0
BRDA:1161,143,1,0
BRDA:1181,144,0,0
BRDA:1181,144,1,0
BRDA:1204,145,0,0
BRDA:1204,145,1,0
BRDA:1227,146,0,0
BRDA:1227,146,1,0
BRDA:1249,147,0,0
BRDA:1249,147,1,0
BRDA:1264,148,0,0
BRDA:1264,148,1,3
BRDA:1264,149,0,3
BRDA:1264,149,1,3
BRDA:1272,150,0,1
BRDA:1272,150,1,7
BRDA:1279,151,0,1
BRDA:1279,151,1,7
BRF:311
BRH:67
end_of_record
TN:
SF:src/api/client.ts
FN:18,(anonymous_0)
FN:24,(anonymous_1)
FN:35,(anonymous_2)
FN:59,(anonymous_3)
FN:73,(anonymous_4)
FN:104,(anonymous_5)
FN:118,(anonymous_6)
FN:186,(anonymous_7)
FN:203,(anonymous_8)
FN:239,(anonymous_9)
FN:248,(anonymous_10)
FNF:11
FNH:0
FNDA:0,(anonymous_0)
FNDA:0,(anonymous_1)
FNDA:0,(anonymous_2)
FNDA:0,(anonymous_3)
FNDA:0,(anonymous_4)
FNDA:0,(anonymous_5)
FNDA:0,(anonymous_6)
FNDA:0,(anonymous_7)
FNDA:0,(anonymous_8)
FNDA:0,(anonymous_9)
FNDA:0,(anonymous_10)
DA:19,0
DA:20,0
DA:21,0
DA:30,0
DA:31,0
DA:32,0
DA:33,0
DA:35,0
DA:36,0
DA:37,0
DA:40,0
DA:41,0
DA:42,0
DA:43,0
DA:46,0
DA:47,0
DA:55,0
DA:56,0
DA:59,0
DA:60,0
DA:61,0
DA:69,0
DA:79,0
DA:80,0
DA:100,0
DA:101,0
DA:104,0
DA:105,0
DA:106,0
DA:114,0
DA:124,0
DA:125,0
DA:126,0
DA:127,0
DA:130,0
DA:131,0
DA:133,0
DA:134,0
DA:135,0
DA:136,0
DA:138,0
DA:140,0
DA:141,0
DA:143,0
DA:144,0
DA:146,0
DA:147,0
DA:148,0
DA:150,0
DA:151,0
DA:152,0
DA:153,0
DA:154,0
DA:155,0
DA:159,0
DA:160,0
DA:161,0
DA:163,0
DA:164,0
DA:165,0
DA:168,0
DA:169,0
DA:172,0
DA:173,0
DA:176,0
DA:182,0
DA:187,0
DA:196,0
DA:197,0
DA:200,0
DA:212,0
DA:213,0
DA:229,0
DA:230,0
DA:233,0
DA:235,0
DA:240,0
DA:255,0
DA:256,0
DA:257,0
DA:258,0
DA:261,0
DA:262,0
DA:264,0
DA:265,0
DA:266,0
DA:267,0
DA:269,0
DA:270,0
DA:271,0
DA:273,0
DA:275,0
DA:276,0
DA:277,0
DA:278,0
DA:279,0
DA:280,0
DA:281,0
DA:283,0
DA:284,0
DA:285,0
DA:288,0
DA:289,0
DA:292,0
DA:293,0
DA:296,0
DA:297,0
DA:300,0
DA:306,0
LF:109
LH:0
BRDA:40,0,0,0
BRDA:40,0,1,0
BRDA:41,1,0,0
BRDA:41,1,1,0
BRDA:42,2,0,0
BRDA:42,2,1,0
BRDA:55,3,0,0
BRDA:55,3,1,0
BRDA:60,4,0,0
BRDA:60,4,1,0
BRDA:60,5,0,0
BRDA:60,5,1,0
BRDA:69,6,0,0
BRDA:69,6,1,0
BRDA:92,7,0,0
BRDA:92,7,1,0
BRDA:100,8,0,0
BRDA:100,8,1,0
BRDA:105,9,0,0
BRDA:105,9,1,0
BRDA:105,10,0,0
BRDA:105,10,1,0
BRDA:105,10,2,0
BRDA:114,11,0,0
BRDA:114,11,1,0
BRDA:125,12,0,0
BRDA:125,12,1,0
BRDA:136,13,0,0
BRDA:136,13,1,0
BRDA:141,14,0,0
BRDA:141,14,1,0
BRDA:144,15,0,0
BRDA:144,15,1,0
BRDA:151,16,0,0
BRDA:151,16,1,0
BRDA:153,17,0,0
BRDA:153,17,1,0
BRDA:155,18,0,0
BRDA:155,18,1,0
BRDA:159,19,0,0
BRDA:159,19,1,0
BRDA:163,20,0,0
BRDA:163,20,1,0
BRDA:163,21,0,0
BRDA:163,21,1,0
BRDA:164,22,0,0
BRDA:164,22,1,0
BRDA:164,22,2,0
BRDA:168,23,0,0
BRDA:168,23,1,0
BRDA:168,24,0,0
BRDA:168,24,1,0
BRDA:168,24,2,0
BRDA:172,25,0,0
BRDA:172,25,1,0
BRDA:172,26,0,0
BRDA:172,26,1,0
BRDA:172,26,2,0
BRDA:196,27,0,0
BRDA:196,27,1,0
BRDA:229,28,0,0
BRDA:229,28,1,0
BRDA:235,29,0,0
BRDA:235,29,1,0
BRDA:256,30,0,0
BRDA:256,30,1,0
BRDA:267,31,0,0
BRDA:267,31,1,0
BRDA:271,32,0,0
BRDA:271,32,1,0
BRDA:276,33,0,0
BRDA:276,33,1,0
BRDA:278,34,0,0
BRDA:278,34,1,0
BRDA:283,35,0,0
BRDA:283,35,1,0
BRDA:283,36,0,0
BRDA:283,36,1,0
BRDA:284,37,0,0
BRDA:284,37,1,0
BRDA:288,38,0,0
BRDA:288,38,1,0
BRDA:288,39,0,0
BRDA:288,39,1,0
BRDA:292,40,0,0
BRDA:292,40,1,0
BRDA:292,41,0,0
BRDA:292,41,1,0
BRDA:292,41,2,0
BRDA:296,42,0,0
BRDA:296,42,1,0
BRF:91
BRH:0
end_of_record
TN:
SF:src/api/types.ts
FNF:0
FNH:0
LF:0
LH:0
BRF:0
BRH:0
end_of_record
TN:
SF:src/capture/element-picker.ts
FN:36,generateSelector
FN:43,(anonymous_1)
FN:54,extractElementInfo
FN:58,(anonymous_3)
FN:66,startElementPicker
FN:67,(anonymous_5)
FN:90,(anonymous_6)
FN:98,(anonymous_7)
FN:126,(anonymous_8)
FN:137,(anonymous_9)
FNF:10
FNH:0
FNDA:0,generateSelector
FNDA:0,(anonymous_1)
FNDA:0,extractElementInfo
FNDA:0,(anonymous_3)
FNDA:0,startElementPicker
FNDA:0,(anonymous_5)
FNDA:0,(anonymous_6)
FNDA:0,(anonymous_7)
FNDA:0,(anonymous_8)
FNDA:0,(anonymous_9)
DA:3,0
DA:37,0
DA:38,0
DA:41,0
DA:42,0
DA:43,0
DA:47,0
DA:48,0
DA:51,0
DA:55,0
DA:58,0
DA:67,0
DA:68,0
DA:69,0
DA:70,0
DA:71,0
DA:73,0
DA:74,0
DA:76,0
DA:77,0
DA:78,0
DA:80,0
DA:81,0
DA:82,0
DA:84,0
DA:85,0
DA:86,0
DA:88,0
DA:90,0
DA:91,0
DA:92,0
DA:93,0
DA:94,0
DA:95,0
DA:98,0
DA:99,0
DA:100,0
DA:101,0
DA:103,0
DA:104,0
DA:105,0
DA:106,0
DA:107,0
DA:110,0
DA:111,0
DA:113,0
DA:114,0
DA:115,0
DA:116,0
DA:117,0
DA:119,0
DA:120,0
DA:121,0
DA:122,0
DA:123,0
DA:126,0
DA:127,0
DA:128,0
DA:130,0
DA:131,0
DA:132,0
DA:133,0
DA:137,0
DA:138,0
DA:139,0
DA:140,0
DA:144,0
DA:145,0
DA:146,0
LF:69
LH:0
BRDA:37,0,0,0
BRDA:37,0,1,0
BRDA:47,1,0,0
BRDA:47,1,1,0
BRDA:56,2,0,0
BRDA:56,2,1,0
BRDA:60,3,0,0
BRDA:60,3,1,0
BRDA:60,3,2,0
BRDA:103,4,0,0
BRDA:103,4,1,0
BRDA:103,5,0,0
BRDA:103,5,1,0
BRDA:103,5,2,0
BRDA:130,6,0,0
BRDA:130,6,1,0
BRDA:138,7,0,0
BRDA:138,7,1,0
BRF:18
BRH:0
end_of_record
TN:
SF:src/capture/screen-capture.ts
FN:6,captureScreen
FN:26,supportsDisplayMedia
FN:33,captureWithDisplayMedia
FN:48,(anonymous_3)
FN:49,(anonymous_4)
FN:50,(anonymous_5)
FN:52,(anonymous_6)
FN:55,(anonymous_7)
FN:64,(anonymous_8)
FN:66,(anonymous_9)
FN:76,(anonymous_10)
FN:80,captureWithHtml2Canvas
FN:90,(anonymous_12)
FN:92,(anonymous_13)
FN:102,compressImage
FN:103,(anonymous_15)
FN:107,(anonymous_16)
FN:132,(anonymous_17)
FN:141,(anonymous_18)
FN:154,blobToDataUrl
FN:155,(anonymous_20)
FN:157,(anonymous_21)
FN:165,(anonymous_22)
FNF:23
FNH:0
FNDA:0,captureScreen
FNDA:0,supportsDisplayMedia
FNDA:0,captureWithDisplayMedia
FNDA:0,(anonymous_3)
FNDA:0,(anonymous_4)
FNDA:0,(anonymous_5)
FNDA:0,(anonymous_6)
FNDA:0,(anonymous_7)
FNDA:0,(anonymous_8)
FNDA:0,(anonymous_9)
FNDA:0,(anonymous_10)
FNDA:0,captureWithHtml2Canvas
FNDA:0,(anonymous_12)
FNDA:0,(anonymous_13)
FNDA:0,compressImage
FNDA:0,(anonymous_15)
FNDA:0,(anonymous_16)
FNDA:0,(anonymous_17)
FNDA:0,(anonymous_18)
FNDA:0,blobToDataUrl
FNDA:0,(anonymous_20)
FNDA:0,(anonymous_21)
FNDA:0,(anonymous_22)
DA:7,0
DA:8,0
DA:11,0
DA:12,0
DA:15,0
DA:16,0
DA:17,0
DA:19,0
DA:23,0
DA:27,0
DA:34,0
DA:40,0
DA:42,0
DA:43,0
DA:44,0
DA:45,0
DA:46,0
DA:48,0
DA:49,0
DA:50,0
DA:52,0
DA:55,0
DA:57,0
DA:58,0
DA:59,0
DA:60,0
DA:61,0
DA:62,0
DA:64,0
DA:65,0
DA:67,0
DA:68,0
DA:75,0
DA:76,0
DA:81,0
DA:90,0
DA:91,0
DA:93,0
DA:94,0
DA:103,0
DA:104,0
DA:105,0
DA:107,0
DA:108,0
DA:109,0
DA:111,0
DA:114,0
DA:115,0
DA:116,0
DA:117,0
DA:120,0
DA:121,0
DA:122,0
DA:123,0
DA:124,0
DA:125,0
DA:126,0
DA:129,0
DA:131,0
DA:133,0
DA:134,0
DA:141,0
DA:142,0
DA:143,0
DA:145,0
DA:147,0
DA:150,0
DA:155,0
DA:156,0
DA:157,0
DA:158,0
DA:159,0
DA:160,0
DA:162,0
DA:165,0
DA:166,0
LF:76
LH:0
BRDA:6,0,0,0
BRDA:7,1,0,0
BRDA:7,1,1,0
BRDA:11,2,0,0
BRDA:11,2,1,0
BRDA:15,3,0,0
BRDA:15,3,1,0
BRDA:28,4,0,0
BRDA:28,4,1,0
BRDA:61,5,0,0
BRDA:61,5,1,0
BRDA:67,6,0,0
BRDA:67,6,1,0
BRDA:93,7,0,0
BRDA:93,7,1,0
BRDA:102,8,0,0
BRDA:115,9,0,0
BRDA:115,9,1,0
BRDA:124,10,0,0
BRDA:124,10,1,0
BRDA:133,11,0,0
BRDA:133,11,1,0
BRDA:159,12,0,0
BRDA:159,12,1,0
BRF:24
BRH:0
end_of_record
TN:
SF:src/ui/icons.ts
FNF:0
FNH:0
DA:1,1
LF:1
LH:1
BRF:0
BRH:0
end_of_record
TN:
SF:src/ui/styles.ts
FNF:0
FNH:0
DA:1,1
LF:1
LH:1
BRF:0
BRH:0
end_of_record
